<?xml version="1.0" encoding="UTF-8" standalone="yes"?>
<ns2:test-suite start="1688924990339" stop="1688925026626" version="1.5.2" xmlns:ns2="urn:model.allure.qatools.yandex.ru">
    <name>As a resident from England, Scotland, Wales, Northren Ireland I need to know estimate of electrical appliances cost to run</name>
    <description type="text"></description>
    <test-cases>
        <test-case start="1688924990386" stop="1688925008108" status="broken">
            <name>As a resident from England I need to know appliances cost to run</name>
            <title>As a resident from England I need to know appliances cost to run</title>
            <description type="text"></description>
            <failure>
                <message>NoSuchElementException: no such element: Unable to locate element: {"method":"xpath","selector":"//input[@id='frequency']"}
  (Session info: chrome=114.0.5735.199)
For documentation on this error, please visit: http://seleniumhq.org/exceptions/no_such_element.html
Build info: version: '3.11.0', revision: 'e59cfb3', time: '2018-03-11T20:26:55.152Z'
System info: host: 'INLT3409', ip: '192.168.0.9', os.name: 'Windows 10', os.arch: 'amd64', os.version: '10.0', java.version: '1.8.0_202'
Driver info: org.openqa.selenium.chrome.ChromeDriver
Capabilities {acceptInsecureCerts: false, browserName: chrome, browserVersion: 114.0.5735.199, chrome: {chromedriverVersion: 114.0.5735.90 (386bc09e8f4f..., userDataDir: C:\Users\MDS~1.PRA\AppData\...}, goog:chromeOptions: {debuggerAddress: localhost:59523}, javascriptEnabled: true, networkConnectionEnabled: false, pageLoadStrategy: normal, platform: WINDOWS, platformName: WINDOWS, proxy: Proxy(), setWindowRect: true, strictFileInteractability: false, timeouts: {implicit: 0, pageLoad: 300000, script: 30000}, unhandledPromptBehavior: dismiss and notify, webauthn:extension:credBlob: true, webauthn:extension:largeBlob: true, webauthn:extension:minPinLength: true, webauthn:extension:prf: true, webauthn:virtualAuthenticators: true}
Session ID: 19ae3326282fe1b2906e3c953f7f8f56
*** Element info: {Using=xpath, value=//input[@id='frequency']}</message>
                <stack-trace>org.openqa.selenium.NoSuchElementException: no such element: Unable to locate element: {"method":"xpath","selector":"//input[@id='frequency']"}
  (Session info: chrome=114.0.5735.199)
For documentation on this error, please visit: http://seleniumhq.org/exceptions/no_such_element.html
Build info: version: '3.11.0', revision: 'e59cfb3', time: '2018-03-11T20:26:55.152Z'
System info: host: 'INLT3409', ip: '192.168.0.9', os.name: 'Windows 10', os.arch: 'amd64', os.version: '10.0', java.version: '1.8.0_202'
Driver info: org.openqa.selenium.chrome.ChromeDriver
Capabilities {acceptInsecureCerts: false, browserName: chrome, browserVersion: 114.0.5735.199, chrome: {chromedriverVersion: 114.0.5735.90 (386bc09e8f4f..., userDataDir: C:\Users\MDS~1.PRA\AppData\...}, goog:chromeOptions: {debuggerAddress: localhost:59523}, javascriptEnabled: true, networkConnectionEnabled: false, pageLoadStrategy: normal, platform: WINDOWS, platformName: WINDOWS, proxy: Proxy(), setWindowRect: true, strictFileInteractability: false, timeouts: {implicit: 0, pageLoad: 300000, script: 30000}, unhandledPromptBehavior: dismiss and notify, webauthn:extension:credBlob: true, webauthn:extension:largeBlob: true, webauthn:extension:minPinLength: true, webauthn:extension:prf: true, webauthn:virtualAuthenticators: true}
Session ID: 19ae3326282fe1b2906e3c953f7f8f56
*** Element info: {Using=xpath, value=//input[@id='frequency']}
	at sun.reflect.NativeConstructorAccessorImpl.newInstance0(Native Method)
	at sun.reflect.NativeConstructorAccessorImpl.newInstance(NativeConstructorAccessorImpl.java:62)
	at sun.reflect.DelegatingConstructorAccessorImpl.newInstance(DelegatingConstructorAccessorImpl.java:45)
	at java.lang.reflect.Constructor.newInstance(Constructor.java:423)
	at org.openqa.selenium.remote.http.W3CHttpResponseCodec.createException(W3CHttpResponseCodec.java:187)
	at org.openqa.selenium.remote.http.W3CHttpResponseCodec.decode(W3CHttpResponseCodec.java:122)
	at org.openqa.selenium.remote.http.W3CHttpResponseCodec.decode(W3CHttpResponseCodec.java:49)
	at org.openqa.selenium.remote.HttpCommandExecutor.execute(HttpCommandExecutor.java:158)
	at org.openqa.selenium.remote.service.DriverCommandExecutor.execute(DriverCommandExecutor.java:83)
	at org.openqa.selenium.remote.RemoteWebDriver.execute(RemoteWebDriver.java:545)
	at org.openqa.selenium.remote.RemoteWebDriver.findElement(RemoteWebDriver.java:319)
	at org.openqa.selenium.remote.RemoteWebDriver.findElementByXPath(RemoteWebDriver.java:421)
	at org.openqa.selenium.By$ByXPath.findElement(By.java:361)
	at org.openqa.selenium.remote.RemoteWebDriver.findElement(RemoteWebDriver.java:311)
	at org.openqa.selenium.support.pagefactory.DefaultElementLocator.findElement(DefaultElementLocator.java:69)
	at org.openqa.selenium.support.pagefactory.internal.LocatingElementHandler.invoke(LocatingElementHandler.java:38)
	at com.sun.proxy.$Proxy19.sendKeys(Unknown Source)
	at com.cucumberFramework.pageObjects.EnergyCostCalculatorPage.frequencyDropDown(EnergyCostCalculatorPage.java:84)
	at com.cucumberFramework.stepdefinitions.StepDefinitions.i_select_frequency_from_frequency_dropdown(StepDefinitions.java:47)
	at ✽.And I select "day" frequency(src/test/resources/features/calculator/EnergyCostCalculator.feature:8)
</stack-trace>
            </failure>
            <steps>
                <step start="1688924997323" stop="1688925005277" status="passed">
                    <name>Given I navigate to the URL "https://www.citizensadvice.org.uk/consumer/energy/energy-supply/get-help-paying-your-bills/check-how-much-your-electrical-appliances-cost-to-use/"</name>
                    <title>Given I navigate to the URL "https://www.citizensadvice.org.uk/consumer/energy/energy-supply/get-help-paying-your-bills/check-how-much-your-electrical-appliances-cost-to-use/"</title>
                </step>
                <step start="1688925005277" stop="1688925005347" status="passed">
                    <name>Then I should see Energy Cost Calculator Page</name>
                    <title>Then I should see Energy Cost Calculator Page</title>
                </step>
                <step start="1688925005347" stop="1688925006493" status="passed">
                    <name>Then I Select Advice Applies to England</name>
                    <title>Then I Select Advice Applies to England</title>
                </step>
                <step start="1688925006493" stop="1688925006606" status="passed">
                    <name>And I enter "34" kwh</name>
                    <title>And I enter "34" kwh</title>
                </step>
                <step start="1688925006606" stop="1688925006694" status="broken">
                    <name>And I select "day" frequency</name>
                    <title>And I select "day" frequency</title>
                </step>
                <step start="1688925006694" stop="1688925006698" status="canceled">
                    <name>When I select appliance "PC or desktop computer"</name>
                    <title>When I select appliance "PC or desktop computer"</title>
                </step>
                <step start="1688925006698" stop="1688925006698" status="canceled">
                    <name>Then I enter "8" hours</name>
                    <title>Then I enter "8" hours</title>
                </step>
                <step start="1688925006699" stop="1688925006699" status="canceled">
                    <name>And I enter "00" minutes</name>
                    <title>And I enter "00" minutes</title>
                </step>
                <step start="1688925006699" stop="1688925006699" status="canceled">
                    <name>And I Click on Add Appliance</name>
                    <title>And I Click on Add Appliance</title>
                </step>
                <step start="1688925006700" stop="1688925006700" status="canceled">
                    <name>When I select appliance "Dishwasher"</name>
                    <title>When I select appliance "Dishwasher"</title>
                </step>
                <step start="1688925006701" stop="1688925006701" status="canceled">
                    <name>Then I enter "2" hours</name>
                    <title>Then I enter "2" hours</title>
                </step>
                <step start="1688925006701" stop="1688925006701" status="canceled">
                    <name>And I enter "00" minutes</name>
                    <title>And I enter "00" minutes</title>
                </step>
                <step start="1688925006701" stop="1688925006701" status="canceled">
                    <name>And I Click on Add Appliance</name>
                    <title>And I Click on Add Appliance</title>
                </step>
                <step start="1688925006701" stop="1688925006701" status="canceled">
                    <name>When I select appliance "Washing machine"</name>
                    <title>When I select appliance "Washing machine"</title>
                </step>
                <step start="1688925006702" stop="1688925006702" status="canceled">
                    <name>Then I enter "2" hours</name>
                    <title>Then I enter "2" hours</title>
                </step>
                <step start="1688925006704" stop="1688925006705" status="canceled">
                    <name>And I enter "00" minutes</name>
                    <title>And I enter "00" minutes</title>
                </step>
                <step start="1688925006706" stop="1688925006706" status="canceled">
                    <name>And I Click on Add Appliance</name>
                    <title>And I Click on Add Appliance</title>
                </step>
                <step start="1688925006707" stop="1688925006707" status="canceled">
                    <name>When I select appliance "Light bulb - energy-saving CFL"</name>
                    <title>When I select appliance "Light bulb - energy-saving CFL"</title>
                </step>
                <step start="1688925006707" stop="1688925006707" status="canceled">
                    <name>Then I enter "6" hours</name>
                    <title>Then I enter "6" hours</title>
                </step>
                <step start="1688925006707" stop="1688925006707" status="canceled">
                    <name>And I enter "00" minutes</name>
                    <title>And I enter "00" minutes</title>
                </step>
                <step start="1688925006707" stop="1688925006707" status="canceled">
                    <name>And I Click on Add Appliance</name>
                    <title>And I Click on Add Appliance</title>
                </step>
                <step start="1688925006707" stop="1688925006707" status="canceled">
                    <name>When I select appliance "Light bulb - energy-saving LED"</name>
                    <title>When I select appliance "Light bulb - energy-saving LED"</title>
                </step>
                <step start="1688925006708" stop="1688925006708" status="canceled">
                    <name>Then I enter "6" hours</name>
                    <title>Then I enter "6" hours</title>
                </step>
                <step start="1688925006708" stop="1688925006708" status="canceled">
                    <name>And I enter "00" minutes</name>
                    <title>And I enter "00" minutes</title>
                </step>
                <step start="1688925006708" stop="1688925006708" status="canceled">
                    <name>And I Click on Add Appliance</name>
                    <title>And I Click on Add Appliance</title>
                </step>
                <step start="1688925006708" stop="1688925006708" status="canceled">
                    <name>When I select appliance "TV"</name>
                    <title>When I select appliance "TV"</title>
                </step>
                <step start="1688925006709" stop="1688925006709" status="canceled">
                    <name>Then I enter "4" hours</name>
                    <title>Then I enter "4" hours</title>
                </step>
                <step start="1688925006709" stop="1688925006709" status="canceled">
                    <name>And I enter "00" minutes</name>
                    <title>And I enter "00" minutes</title>
                </step>
                <step start="1688925006709" stop="1688925006709" status="canceled">
                    <name>And I Click on Add Appliance</name>
                    <title>And I Click on Add Appliance</title>
                </step>
                <step start="1688925006709" stop="1688925006709" status="canceled">
                    <name>When I select appliance "Microwave"</name>
                    <title>When I select appliance "Microwave"</title>
                </step>
                <step start="1688925006709" stop="1688925006709" status="canceled">
                    <name>Then I enter "1" hours</name>
                    <title>Then I enter "1" hours</title>
                </step>
                <step start="1688925006709" stop="1688925006709" status="canceled">
                    <name>And I enter "00" minutes</name>
                    <title>And I enter "00" minutes</title>
                </step>
                <step start="1688925006709" stop="1688925006709" status="canceled">
                    <name>And I Click on Add Appliance</name>
                    <title>And I Click on Add Appliance</title>
                </step>
                <step start="1688925006709" stop="1688925006709" status="canceled">
                    <name>When I select appliance "Electric car charger (wallbox)"</name>
                    <title>When I select appliance "Electric car charger (wallbox)"</title>
                </step>
                <step start="1688925006709" stop="1688925006709" status="canceled">
                    <name>Then I enter "8" hours</name>
                    <title>Then I enter "8" hours</title>
                </step>
                <step start="1688925006710" stop="1688925006710" status="canceled">
                    <name>And I enter "00" minutes</name>
                    <title>And I enter "00" minutes</title>
                </step>
                <step start="1688925006710" stop="1688925006710" status="canceled">
                    <name>And I Click on Add Appliance</name>
                    <title>And I Click on Add Appliance</title>
                </step>
            </steps>
            <attachments>
                <attachment title="attachment0" source="923be4d7-ef70-4d56-b4f8-2200f68ebd84-attachment.png" type="image/png"/>
            </attachments>
            <labels>
                <label name="story" value="As a resident from England I need to know appliances cost to run"/>
                <label name="feature" value="As a resident from England, Scotland, Wales, Northren Ireland I need to know estimate of electrical appliances cost to run"/>
                <label name="host" value="INLT3409"/>
                <label name="thread" value="28832@INLT3409.main(1)"/>
                <label name="framework" value="CucumberJVM"/>
            </labels>
        </test-case>
        <test-case start="1688925008111" stop="1688925022934" status="broken">
            <name>As a resident from Scotland I need to know appliances cost to run</name>
            <title>As a resident from Scotland I need to know appliances cost to run</title>
            <description type="text"></description>
            <failure>
                <message>NoSuchElementException: no such element: Unable to locate element: {"method":"xpath","selector":"//input[@id='frequency']"}
  (Session info: chrome=114.0.5735.199)
For documentation on this error, please visit: http://seleniumhq.org/exceptions/no_such_element.html
Build info: version: '3.11.0', revision: 'e59cfb3', time: '2018-03-11T20:26:55.152Z'
System info: host: 'INLT3409', ip: '192.168.0.9', os.name: 'Windows 10', os.arch: 'amd64', os.version: '10.0', java.version: '1.8.0_202'
Driver info: org.openqa.selenium.chrome.ChromeDriver
Capabilities {acceptInsecureCerts: false, browserName: chrome, browserVersion: 114.0.5735.199, chrome: {chromedriverVersion: 114.0.5735.90 (386bc09e8f4f..., userDataDir: C:\Users\MDS~1.PRA\AppData\...}, goog:chromeOptions: {debuggerAddress: localhost:59580}, javascriptEnabled: true, networkConnectionEnabled: false, pageLoadStrategy: normal, platform: WINDOWS, platformName: WINDOWS, proxy: Proxy(), setWindowRect: true, strictFileInteractability: false, timeouts: {implicit: 0, pageLoad: 300000, script: 30000}, unhandledPromptBehavior: dismiss and notify, webauthn:extension:credBlob: true, webauthn:extension:largeBlob: true, webauthn:extension:minPinLength: true, webauthn:extension:prf: true, webauthn:virtualAuthenticators: true}
Session ID: bd1219a930c19b34002b9b1364862e76
*** Element info: {Using=xpath, value=//input[@id='frequency']}</message>
                <stack-trace>org.openqa.selenium.NoSuchElementException: no such element: Unable to locate element: {"method":"xpath","selector":"//input[@id='frequency']"}
  (Session info: chrome=114.0.5735.199)
For documentation on this error, please visit: http://seleniumhq.org/exceptions/no_such_element.html
Build info: version: '3.11.0', revision: 'e59cfb3', time: '2018-03-11T20:26:55.152Z'
System info: host: 'INLT3409', ip: '192.168.0.9', os.name: 'Windows 10', os.arch: 'amd64', os.version: '10.0', java.version: '1.8.0_202'
Driver info: org.openqa.selenium.chrome.ChromeDriver
Capabilities {acceptInsecureCerts: false, browserName: chrome, browserVersion: 114.0.5735.199, chrome: {chromedriverVersion: 114.0.5735.90 (386bc09e8f4f..., userDataDir: C:\Users\MDS~1.PRA\AppData\...}, goog:chromeOptions: {debuggerAddress: localhost:59580}, javascriptEnabled: true, networkConnectionEnabled: false, pageLoadStrategy: normal, platform: WINDOWS, platformName: WINDOWS, proxy: Proxy(), setWindowRect: true, strictFileInteractability: false, timeouts: {implicit: 0, pageLoad: 300000, script: 30000}, unhandledPromptBehavior: dismiss and notify, webauthn:extension:credBlob: true, webauthn:extension:largeBlob: true, webauthn:extension:minPinLength: true, webauthn:extension:prf: true, webauthn:virtualAuthenticators: true}
Session ID: bd1219a930c19b34002b9b1364862e76
*** Element info: {Using=xpath, value=//input[@id='frequency']}
	at sun.reflect.NativeConstructorAccessorImpl.newInstance0(Native Method)
	at sun.reflect.NativeConstructorAccessorImpl.newInstance(NativeConstructorAccessorImpl.java:62)
	at sun.reflect.DelegatingConstructorAccessorImpl.newInstance(DelegatingConstructorAccessorImpl.java:45)
	at java.lang.reflect.Constructor.newInstance(Constructor.java:423)
	at org.openqa.selenium.remote.http.W3CHttpResponseCodec.createException(W3CHttpResponseCodec.java:187)
	at org.openqa.selenium.remote.http.W3CHttpResponseCodec.decode(W3CHttpResponseCodec.java:122)
	at org.openqa.selenium.remote.http.W3CHttpResponseCodec.decode(W3CHttpResponseCodec.java:49)
	at org.openqa.selenium.remote.HttpCommandExecutor.execute(HttpCommandExecutor.java:158)
	at org.openqa.selenium.remote.service.DriverCommandExecutor.execute(DriverCommandExecutor.java:83)
	at org.openqa.selenium.remote.RemoteWebDriver.execute(RemoteWebDriver.java:545)
	at org.openqa.selenium.remote.RemoteWebDriver.findElement(RemoteWebDriver.java:319)
	at org.openqa.selenium.remote.RemoteWebDriver.findElementByXPath(RemoteWebDriver.java:421)
	at org.openqa.selenium.By$ByXPath.findElement(By.java:361)
	at org.openqa.selenium.remote.RemoteWebDriver.findElement(RemoteWebDriver.java:311)
	at org.openqa.selenium.support.pagefactory.DefaultElementLocator.findElement(DefaultElementLocator.java:69)
	at org.openqa.selenium.support.pagefactory.internal.LocatingElementHandler.invoke(LocatingElementHandler.java:38)
	at com.sun.proxy.$Proxy19.sendKeys(Unknown Source)
	at com.cucumberFramework.pageObjects.EnergyCostCalculatorPage.frequencyDropDown(EnergyCostCalculatorPage.java:84)
	at com.cucumberFramework.stepdefinitions.StepDefinitions.i_select_frequency_from_frequency_dropdown(StepDefinitions.java:47)
	at ✽.And I select "day" frequency(src/test/resources/features/calculator/EnergyCostCalculator.feature:48)
</stack-trace>
            </failure>
            <steps>
                <step start="1688925013360" stop="1688925019798" status="passed">
                    <name>Given I navigate to the URL "https://www.citizensadvice.org.uk/consumer/energy/energy-supply/get-help-paying-your-bills/check-how-much-your-electrical-appliances-cost-to-use/"</name>
                    <title>Given I navigate to the URL "https://www.citizensadvice.org.uk/consumer/energy/energy-supply/get-help-paying-your-bills/check-how-much-your-electrical-appliances-cost-to-use/"</title>
                </step>
                <step start="1688925019798" stop="1688925019850" status="passed">
                    <name>Then I should see Energy Cost Calculator Page</name>
                    <title>Then I should see Energy Cost Calculator Page</title>
                </step>
                <step start="1688925019850" stop="1688925021086" status="passed">
                    <name>Then I Select Advice Applies to Scotland</name>
                    <title>Then I Select Advice Applies to Scotland</title>
                </step>
                <step start="1688925021087" stop="1688925021270" status="passed">
                    <name>And I enter "67" kwh</name>
                    <title>And I enter "67" kwh</title>
                </step>
                <step start="1688925021270" stop="1688925021487" status="broken">
                    <name>And I select "day" frequency</name>
                    <title>And I select "day" frequency</title>
                </step>
                <step start="1688925021487" stop="1688925021487" status="canceled">
                    <name>When I select appliance "PC or desktop computer"</name>
                    <title>When I select appliance "PC or desktop computer"</title>
                </step>
                <step start="1688925021488" stop="1688925021488" status="canceled">
                    <name>Then I enter "8" hours</name>
                    <title>Then I enter "8" hours</title>
                </step>
                <step start="1688925021488" stop="1688925021488" status="canceled">
                    <name>And I enter "00" minutes</name>
                    <title>And I enter "00" minutes</title>
                </step>
                <step start="1688925021488" stop="1688925021488" status="canceled">
                    <name>And I Click on Add Appliance</name>
                    <title>And I Click on Add Appliance</title>
                </step>
            </steps>
            <attachments>
                <attachment title="attachment1" source="c31e7dda-b5dc-4947-8d64-e4934e12b759-attachment.png" type="image/png"/>
            </attachments>
            <labels>
                <label name="story" value="As a resident from Scotland I need to know appliances cost to run"/>
                <label name="feature" value="As a resident from England, Scotland, Wales, Northren Ireland I need to know estimate of electrical appliances cost to run"/>
                <label name="host" value="INLT3409"/>
                <label name="thread" value="28832@INLT3409.main(1)"/>
                <label name="framework" value="CucumberJVM"/>
            </labels>
        </test-case>
        <test-case start="1688925022935" stop="1688925026617" status="broken">
            <name>As a resident from Scotland I need to know appliances cost to run</name>
            <title>As a resident from Scotland I need to know appliances cost to run</title>
            <description type="text"></description>
            <failure>
                <message>Test was interrupted</message>
            </failure>
            <labels>
                <label name="story" value="As a resident from Scotland I need to know appliances cost to run"/>
                <label name="feature" value="As a resident from England, Scotland, Wales, Northren Ireland I need to know estimate of electrical appliances cost to run"/>
                <label name="host" value="INLT3409"/>
                <label name="thread" value="28832@INLT3409.main(1)"/>
                <label name="framework" value="CucumberJVM"/>
            </labels>
        </test-case>
        <test-case start="1688924990339" stop="1688925026617" status="broken">
            <name>As a resident from England, Scotland, Wales, Northren Ireland I need to know estimate of electrical appliances cost to run</name>
            <title>As a resident from England, Scotland, Wales, Northren Ireland I need to know estimate of electrical appliances cost to run</title>
            <failure>
                <message>Test suite was interrupted, some test cases may be lost</message>
            </failure>
        </test-case>
    </test-cases>
    <labels>
        <label name="feature" value="As a resident from England, Scotland, Wales, Northren Ireland I need to know estimate of electrical appliances cost to run"/>
        <label name="language" value="JAVA"/>
    </labels>
</ns2:test-suite>
