<?xml version="1.0" encoding="UTF-8" standalone="yes"?>
<ns2:test-suite start="1688924180412" stop="1688924290466" version="1.5.2" xmlns:ns2="urn:model.allure.qatools.yandex.ru">
    <name>As a resident from England, Scotland, Wales, Northren Ireland I need to know estimate of electrical appliances cost to run</name>
    <description type="text"></description>
    <test-cases>
        <test-case start="1688924180475" stop="1688924200117" status="broken">
            <name>As a resident from England I need to know appliances cost to run</name>
            <title>As a resident from England I need to know appliances cost to run</title>
            <description type="text"></description>
            <failure>
                <message>NoSuchElementException: no such element: Unable to locate element: {"method":"xpath","selector":"//input[@id='frequency']"}
  (Session info: chrome=114.0.5735.199)
For documentation on this error, please visit: http://seleniumhq.org/exceptions/no_such_element.html
Build info: version: '3.11.0', revision: 'e59cfb3', time: '2018-03-11T20:26:55.152Z'
System info: host: 'INLT3409', ip: '192.168.0.9', os.name: 'Windows 10', os.arch: 'amd64', os.version: '10.0', java.version: '1.8.0_202'
Driver info: org.openqa.selenium.chrome.ChromeDriver
Capabilities {acceptInsecureCerts: false, browserName: chrome, browserVersion: 114.0.5735.199, chrome: {chromedriverVersion: 114.0.5735.90 (386bc09e8f4f..., userDataDir: C:\Users\MDS~1.PRA\AppData\...}, goog:chromeOptions: {debuggerAddress: localhost:58239}, javascriptEnabled: true, networkConnectionEnabled: false, pageLoadStrategy: normal, platform: WINDOWS, platformName: WINDOWS, proxy: Proxy(), setWindowRect: true, strictFileInteractability: false, timeouts: {implicit: 0, pageLoad: 300000, script: 30000}, unhandledPromptBehavior: dismiss and notify, webauthn:extension:credBlob: true, webauthn:extension:largeBlob: true, webauthn:extension:minPinLength: true, webauthn:extension:prf: true, webauthn:virtualAuthenticators: true}
Session ID: 663e5cba78ce0ca804b41c7dd4bb41e7
*** Element info: {Using=xpath, value=//input[@id='frequency']}</message>
                <stack-trace>org.openqa.selenium.NoSuchElementException: no such element: Unable to locate element: {"method":"xpath","selector":"//input[@id='frequency']"}
  (Session info: chrome=114.0.5735.199)
For documentation on this error, please visit: http://seleniumhq.org/exceptions/no_such_element.html
Build info: version: '3.11.0', revision: 'e59cfb3', time: '2018-03-11T20:26:55.152Z'
System info: host: 'INLT3409', ip: '192.168.0.9', os.name: 'Windows 10', os.arch: 'amd64', os.version: '10.0', java.version: '1.8.0_202'
Driver info: org.openqa.selenium.chrome.ChromeDriver
Capabilities {acceptInsecureCerts: false, browserName: chrome, browserVersion: 114.0.5735.199, chrome: {chromedriverVersion: 114.0.5735.90 (386bc09e8f4f..., userDataDir: C:\Users\MDS~1.PRA\AppData\...}, goog:chromeOptions: {debuggerAddress: localhost:58239}, javascriptEnabled: true, networkConnectionEnabled: false, pageLoadStrategy: normal, platform: WINDOWS, platformName: WINDOWS, proxy: Proxy(), setWindowRect: true, strictFileInteractability: false, timeouts: {implicit: 0, pageLoad: 300000, script: 30000}, unhandledPromptBehavior: dismiss and notify, webauthn:extension:credBlob: true, webauthn:extension:largeBlob: true, webauthn:extension:minPinLength: true, webauthn:extension:prf: true, webauthn:virtualAuthenticators: true}
Session ID: 663e5cba78ce0ca804b41c7dd4bb41e7
*** Element info: {Using=xpath, value=//input[@id='frequency']}
	at sun.reflect.NativeConstructorAccessorImpl.newInstance0(Native Method)
	at sun.reflect.NativeConstructorAccessorImpl.newInstance(NativeConstructorAccessorImpl.java:62)
	at sun.reflect.DelegatingConstructorAccessorImpl.newInstance(DelegatingConstructorAccessorImpl.java:45)
	at java.lang.reflect.Constructor.newInstance(Constructor.java:423)
	at org.openqa.selenium.remote.http.W3CHttpResponseCodec.createException(W3CHttpResponseCodec.java:187)
	at org.openqa.selenium.remote.http.W3CHttpResponseCodec.decode(W3CHttpResponseCodec.java:122)
	at org.openqa.selenium.remote.http.W3CHttpResponseCodec.decode(W3CHttpResponseCodec.java:49)
	at org.openqa.selenium.remote.HttpCommandExecutor.execute(HttpCommandExecutor.java:158)
	at org.openqa.selenium.remote.service.DriverCommandExecutor.execute(DriverCommandExecutor.java:83)
	at org.openqa.selenium.remote.RemoteWebDriver.execute(RemoteWebDriver.java:545)
	at org.openqa.selenium.remote.RemoteWebDriver.findElement(RemoteWebDriver.java:319)
	at org.openqa.selenium.remote.RemoteWebDriver.findElementByXPath(RemoteWebDriver.java:421)
	at org.openqa.selenium.By$ByXPath.findElement(By.java:361)
	at org.openqa.selenium.remote.RemoteWebDriver.findElement(RemoteWebDriver.java:311)
	at org.openqa.selenium.support.pagefactory.DefaultElementLocator.findElement(DefaultElementLocator.java:69)
	at org.openqa.selenium.support.pagefactory.internal.LocatingElementHandler.invoke(LocatingElementHandler.java:38)
	at com.sun.proxy.$Proxy19.sendKeys(Unknown Source)
	at com.cucumberFramework.pageObjects.EnergyCostCalculatorPage.frequencyDropDown(EnergyCostCalculatorPage.java:84)
	at com.cucumberFramework.stepdefinitions.StepDefinitions.i_select_frequency_from_frequency_dropdown(StepDefinitions.java:47)
	at ✽.And I select "day" frequency(src/test/resources/features/calculator/EnergyCostCalculator.feature:8)
</stack-trace>
            </failure>
            <steps>
                <step start="1688924190102" stop="1688924197191" status="passed">
                    <name>Given I navigate to the URL "https://www.citizensadvice.org.uk/consumer/energy/energy-supply/get-help-paying-your-bills/check-how-much-your-electrical-appliances-cost-to-use/"</name>
                    <title>Given I navigate to the URL "https://www.citizensadvice.org.uk/consumer/energy/energy-supply/get-help-paying-your-bills/check-how-much-your-electrical-appliances-cost-to-use/"</title>
                </step>
                <step start="1688924197191" stop="1688924197267" status="passed">
                    <name>Then I should see Energy Cost Calculator Page</name>
                    <title>Then I should see Energy Cost Calculator Page</title>
                </step>
                <step start="1688924197268" stop="1688924198421" status="passed">
                    <name>Then I Select Advice Applies to England</name>
                    <title>Then I Select Advice Applies to England</title>
                </step>
                <step start="1688924198421" stop="1688924198543" status="passed">
                    <name>And I enter "34" kwh</name>
                    <title>And I enter "34" kwh</title>
                </step>
                <step start="1688924198543" stop="1688924198643" status="broken">
                    <name>And I select "day" frequency</name>
                    <title>And I select "day" frequency</title>
                </step>
                <step start="1688924198644" stop="1688924198645" status="canceled">
                    <name>When I select appliance "PC or desktop computer"</name>
                    <title>When I select appliance "PC or desktop computer"</title>
                </step>
                <step start="1688924198646" stop="1688924198646" status="canceled">
                    <name>Then I enter "8" hours</name>
                    <title>Then I enter "8" hours</title>
                </step>
                <step start="1688924198646" stop="1688924198646" status="canceled">
                    <name>And I enter "00" minutes</name>
                    <title>And I enter "00" minutes</title>
                </step>
                <step start="1688924198646" stop="1688924198646" status="canceled">
                    <name>And I Click on Add Appliance</name>
                    <title>And I Click on Add Appliance</title>
                </step>
            </steps>
            <attachments>
                <attachment title="attachment0" source="746d9fb9-4171-4b68-96fa-5069b90fbf90-attachment.png" type="image/png"/>
            </attachments>
            <labels>
                <label name="story" value="As a resident from England I need to know appliances cost to run"/>
                <label name="feature" value="As a resident from England, Scotland, Wales, Northren Ireland I need to know estimate of electrical appliances cost to run"/>
                <label name="host" value="INLT3409"/>
                <label name="thread" value="26496@INLT3409.main(1)"/>
                <label name="framework" value="CucumberJVM"/>
            </labels>
        </test-case>
        <test-case start="1688924200118" stop="1688924216629" status="broken">
            <name>As a resident from England I need to know appliances cost to run</name>
            <title>As a resident from England I need to know appliances cost to run</title>
            <description type="text"></description>
            <failure>
                <message>NoSuchElementException: no such element: Unable to locate element: {"method":"xpath","selector":"//input[@id='frequency']"}
  (Session info: chrome=114.0.5735.199)
For documentation on this error, please visit: http://seleniumhq.org/exceptions/no_such_element.html
Build info: version: '3.11.0', revision: 'e59cfb3', time: '2018-03-11T20:26:55.152Z'
System info: host: 'INLT3409', ip: '192.168.0.9', os.name: 'Windows 10', os.arch: 'amd64', os.version: '10.0', java.version: '1.8.0_202'
Driver info: org.openqa.selenium.chrome.ChromeDriver
Capabilities {acceptInsecureCerts: false, browserName: chrome, browserVersion: 114.0.5735.199, chrome: {chromedriverVersion: 114.0.5735.90 (386bc09e8f4f..., userDataDir: C:\Users\MDS~1.PRA\AppData\...}, goog:chromeOptions: {debuggerAddress: localhost:58301}, javascriptEnabled: true, networkConnectionEnabled: false, pageLoadStrategy: normal, platform: WINDOWS, platformName: WINDOWS, proxy: Proxy(), setWindowRect: true, strictFileInteractability: false, timeouts: {implicit: 0, pageLoad: 300000, script: 30000}, unhandledPromptBehavior: dismiss and notify, webauthn:extension:credBlob: true, webauthn:extension:largeBlob: true, webauthn:extension:minPinLength: true, webauthn:extension:prf: true, webauthn:virtualAuthenticators: true}
Session ID: a30213062ac5d992ba36a8a074619f15
*** Element info: {Using=xpath, value=//input[@id='frequency']}</message>
                <stack-trace>org.openqa.selenium.NoSuchElementException: no such element: Unable to locate element: {"method":"xpath","selector":"//input[@id='frequency']"}
  (Session info: chrome=114.0.5735.199)
For documentation on this error, please visit: http://seleniumhq.org/exceptions/no_such_element.html
Build info: version: '3.11.0', revision: 'e59cfb3', time: '2018-03-11T20:26:55.152Z'
System info: host: 'INLT3409', ip: '192.168.0.9', os.name: 'Windows 10', os.arch: 'amd64', os.version: '10.0', java.version: '1.8.0_202'
Driver info: org.openqa.selenium.chrome.ChromeDriver
Capabilities {acceptInsecureCerts: false, browserName: chrome, browserVersion: 114.0.5735.199, chrome: {chromedriverVersion: 114.0.5735.90 (386bc09e8f4f..., userDataDir: C:\Users\MDS~1.PRA\AppData\...}, goog:chromeOptions: {debuggerAddress: localhost:58301}, javascriptEnabled: true, networkConnectionEnabled: false, pageLoadStrategy: normal, platform: WINDOWS, platformName: WINDOWS, proxy: Proxy(), setWindowRect: true, strictFileInteractability: false, timeouts: {implicit: 0, pageLoad: 300000, script: 30000}, unhandledPromptBehavior: dismiss and notify, webauthn:extension:credBlob: true, webauthn:extension:largeBlob: true, webauthn:extension:minPinLength: true, webauthn:extension:prf: true, webauthn:virtualAuthenticators: true}
Session ID: a30213062ac5d992ba36a8a074619f15
*** Element info: {Using=xpath, value=//input[@id='frequency']}
	at sun.reflect.NativeConstructorAccessorImpl.newInstance0(Native Method)
	at sun.reflect.NativeConstructorAccessorImpl.newInstance(NativeConstructorAccessorImpl.java:62)
	at sun.reflect.DelegatingConstructorAccessorImpl.newInstance(DelegatingConstructorAccessorImpl.java:45)
	at java.lang.reflect.Constructor.newInstance(Constructor.java:423)
	at org.openqa.selenium.remote.http.W3CHttpResponseCodec.createException(W3CHttpResponseCodec.java:187)
	at org.openqa.selenium.remote.http.W3CHttpResponseCodec.decode(W3CHttpResponseCodec.java:122)
	at org.openqa.selenium.remote.http.W3CHttpResponseCodec.decode(W3CHttpResponseCodec.java:49)
	at org.openqa.selenium.remote.HttpCommandExecutor.execute(HttpCommandExecutor.java:158)
	at org.openqa.selenium.remote.service.DriverCommandExecutor.execute(DriverCommandExecutor.java:83)
	at org.openqa.selenium.remote.RemoteWebDriver.execute(RemoteWebDriver.java:545)
	at org.openqa.selenium.remote.RemoteWebDriver.findElement(RemoteWebDriver.java:319)
	at org.openqa.selenium.remote.RemoteWebDriver.findElementByXPath(RemoteWebDriver.java:421)
	at org.openqa.selenium.By$ByXPath.findElement(By.java:361)
	at org.openqa.selenium.remote.RemoteWebDriver.findElement(RemoteWebDriver.java:311)
	at org.openqa.selenium.support.pagefactory.DefaultElementLocator.findElement(DefaultElementLocator.java:69)
	at org.openqa.selenium.support.pagefactory.internal.LocatingElementHandler.invoke(LocatingElementHandler.java:38)
	at com.sun.proxy.$Proxy19.sendKeys(Unknown Source)
	at com.cucumberFramework.pageObjects.EnergyCostCalculatorPage.frequencyDropDown(EnergyCostCalculatorPage.java:84)
	at com.cucumberFramework.stepdefinitions.StepDefinitions.i_select_frequency_from_frequency_dropdown(StepDefinitions.java:47)
	at ✽.And I select "day" frequency(src/test/resources/features/calculator/EnergyCostCalculator.feature:8)
</stack-trace>
            </failure>
            <steps>
                <step start="1688924205022" stop="1688924214072" status="passed">
                    <name>Given I navigate to the URL "https://www.citizensadvice.org.uk/consumer/energy/energy-supply/get-help-paying-your-bills/check-how-much-your-electrical-appliances-cost-to-use/"</name>
                    <title>Given I navigate to the URL "https://www.citizensadvice.org.uk/consumer/energy/energy-supply/get-help-paying-your-bills/check-how-much-your-electrical-appliances-cost-to-use/"</title>
                </step>
                <step start="1688924214073" stop="1688924214144" status="passed">
                    <name>Then I should see Energy Cost Calculator Page</name>
                    <title>Then I should see Energy Cost Calculator Page</title>
                </step>
                <step start="1688924214145" stop="1688924215261" status="passed">
                    <name>Then I Select Advice Applies to England</name>
                    <title>Then I Select Advice Applies to England</title>
                </step>
                <step start="1688924215261" stop="1688924215375" status="passed">
                    <name>And I enter "34" kwh</name>
                    <title>And I enter "34" kwh</title>
                </step>
                <step start="1688924215375" stop="1688924215435" status="broken">
                    <name>And I select "day" frequency</name>
                    <title>And I select "day" frequency</title>
                </step>
                <step start="1688924215435" stop="1688924215435" status="canceled">
                    <name>When I select appliance "Dishwasher"</name>
                    <title>When I select appliance "Dishwasher"</title>
                </step>
                <step start="1688924215436" stop="1688924215436" status="canceled">
                    <name>Then I enter "2" hours</name>
                    <title>Then I enter "2" hours</title>
                </step>
                <step start="1688924215437" stop="1688924215437" status="canceled">
                    <name>And I enter "00" minutes</name>
                    <title>And I enter "00" minutes</title>
                </step>
                <step start="1688924215437" stop="1688924215437" status="canceled">
                    <name>And I Click on Add Appliance</name>
                    <title>And I Click on Add Appliance</title>
                </step>
            </steps>
            <attachments>
                <attachment title="attachment1" source="49431bea-4a08-42a9-851f-11e1491c590b-attachment.png" type="image/png"/>
            </attachments>
            <labels>
                <label name="story" value="As a resident from England I need to know appliances cost to run"/>
                <label name="feature" value="As a resident from England, Scotland, Wales, Northren Ireland I need to know estimate of electrical appliances cost to run"/>
                <label name="host" value="INLT3409"/>
                <label name="thread" value="26496@INLT3409.main(1)"/>
                <label name="framework" value="CucumberJVM"/>
            </labels>
        </test-case>
        <test-case start="1688924216631" stop="1688924231211" status="broken">
            <name>As a resident from England I need to know appliances cost to run</name>
            <title>As a resident from England I need to know appliances cost to run</title>
            <description type="text"></description>
            <failure>
                <message>NoSuchElementException: no such element: Unable to locate element: {"method":"xpath","selector":"//input[@id='frequency']"}
  (Session info: chrome=114.0.5735.199)
For documentation on this error, please visit: http://seleniumhq.org/exceptions/no_such_element.html
Build info: version: '3.11.0', revision: 'e59cfb3', time: '2018-03-11T20:26:55.152Z'
System info: host: 'INLT3409', ip: '192.168.0.9', os.name: 'Windows 10', os.arch: 'amd64', os.version: '10.0', java.version: '1.8.0_202'
Driver info: org.openqa.selenium.chrome.ChromeDriver
Capabilities {acceptInsecureCerts: false, browserName: chrome, browserVersion: 114.0.5735.199, chrome: {chromedriverVersion: 114.0.5735.90 (386bc09e8f4f..., userDataDir: C:\Users\MDS~1.PRA\AppData\...}, goog:chromeOptions: {debuggerAddress: localhost:58370}, javascriptEnabled: true, networkConnectionEnabled: false, pageLoadStrategy: normal, platform: WINDOWS, platformName: WINDOWS, proxy: Proxy(), setWindowRect: true, strictFileInteractability: false, timeouts: {implicit: 0, pageLoad: 300000, script: 30000}, unhandledPromptBehavior: dismiss and notify, webauthn:extension:credBlob: true, webauthn:extension:largeBlob: true, webauthn:extension:minPinLength: true, webauthn:extension:prf: true, webauthn:virtualAuthenticators: true}
Session ID: f57c2ab8314285e8454159fa6e0b83c8
*** Element info: {Using=xpath, value=//input[@id='frequency']}</message>
                <stack-trace>org.openqa.selenium.NoSuchElementException: no such element: Unable to locate element: {"method":"xpath","selector":"//input[@id='frequency']"}
  (Session info: chrome=114.0.5735.199)
For documentation on this error, please visit: http://seleniumhq.org/exceptions/no_such_element.html
Build info: version: '3.11.0', revision: 'e59cfb3', time: '2018-03-11T20:26:55.152Z'
System info: host: 'INLT3409', ip: '192.168.0.9', os.name: 'Windows 10', os.arch: 'amd64', os.version: '10.0', java.version: '1.8.0_202'
Driver info: org.openqa.selenium.chrome.ChromeDriver
Capabilities {acceptInsecureCerts: false, browserName: chrome, browserVersion: 114.0.5735.199, chrome: {chromedriverVersion: 114.0.5735.90 (386bc09e8f4f..., userDataDir: C:\Users\MDS~1.PRA\AppData\...}, goog:chromeOptions: {debuggerAddress: localhost:58370}, javascriptEnabled: true, networkConnectionEnabled: false, pageLoadStrategy: normal, platform: WINDOWS, platformName: WINDOWS, proxy: Proxy(), setWindowRect: true, strictFileInteractability: false, timeouts: {implicit: 0, pageLoad: 300000, script: 30000}, unhandledPromptBehavior: dismiss and notify, webauthn:extension:credBlob: true, webauthn:extension:largeBlob: true, webauthn:extension:minPinLength: true, webauthn:extension:prf: true, webauthn:virtualAuthenticators: true}
Session ID: f57c2ab8314285e8454159fa6e0b83c8
*** Element info: {Using=xpath, value=//input[@id='frequency']}
	at sun.reflect.NativeConstructorAccessorImpl.newInstance0(Native Method)
	at sun.reflect.NativeConstructorAccessorImpl.newInstance(NativeConstructorAccessorImpl.java:62)
	at sun.reflect.DelegatingConstructorAccessorImpl.newInstance(DelegatingConstructorAccessorImpl.java:45)
	at java.lang.reflect.Constructor.newInstance(Constructor.java:423)
	at org.openqa.selenium.remote.http.W3CHttpResponseCodec.createException(W3CHttpResponseCodec.java:187)
	at org.openqa.selenium.remote.http.W3CHttpResponseCodec.decode(W3CHttpResponseCodec.java:122)
	at org.openqa.selenium.remote.http.W3CHttpResponseCodec.decode(W3CHttpResponseCodec.java:49)
	at org.openqa.selenium.remote.HttpCommandExecutor.execute(HttpCommandExecutor.java:158)
	at org.openqa.selenium.remote.service.DriverCommandExecutor.execute(DriverCommandExecutor.java:83)
	at org.openqa.selenium.remote.RemoteWebDriver.execute(RemoteWebDriver.java:545)
	at org.openqa.selenium.remote.RemoteWebDriver.findElement(RemoteWebDriver.java:319)
	at org.openqa.selenium.remote.RemoteWebDriver.findElementByXPath(RemoteWebDriver.java:421)
	at org.openqa.selenium.By$ByXPath.findElement(By.java:361)
	at org.openqa.selenium.remote.RemoteWebDriver.findElement(RemoteWebDriver.java:311)
	at org.openqa.selenium.support.pagefactory.DefaultElementLocator.findElement(DefaultElementLocator.java:69)
	at org.openqa.selenium.support.pagefactory.internal.LocatingElementHandler.invoke(LocatingElementHandler.java:38)
	at com.sun.proxy.$Proxy19.sendKeys(Unknown Source)
	at com.cucumberFramework.pageObjects.EnergyCostCalculatorPage.frequencyDropDown(EnergyCostCalculatorPage.java:84)
	at com.cucumberFramework.stepdefinitions.StepDefinitions.i_select_frequency_from_frequency_dropdown(StepDefinitions.java:47)
	at ✽.And I select "day" frequency(src/test/resources/features/calculator/EnergyCostCalculator.feature:8)
</stack-trace>
            </failure>
            <steps>
                <step start="1688924221795" stop="1688924228475" status="passed">
                    <name>Given I navigate to the URL "https://www.citizensadvice.org.uk/consumer/energy/energy-supply/get-help-paying-your-bills/check-how-much-your-electrical-appliances-cost-to-use/"</name>
                    <title>Given I navigate to the URL "https://www.citizensadvice.org.uk/consumer/energy/energy-supply/get-help-paying-your-bills/check-how-much-your-electrical-appliances-cost-to-use/"</title>
                </step>
                <step start="1688924228476" stop="1688924228534" status="passed">
                    <name>Then I should see Energy Cost Calculator Page</name>
                    <title>Then I should see Energy Cost Calculator Page</title>
                </step>
                <step start="1688924228535" stop="1688924229669" status="passed">
                    <name>Then I Select Advice Applies to England</name>
                    <title>Then I Select Advice Applies to England</title>
                </step>
                <step start="1688924229670" stop="1688924229796" status="passed">
                    <name>And I enter "34" kwh</name>
                    <title>And I enter "34" kwh</title>
                </step>
                <step start="1688924229797" stop="1688924229832" status="broken">
                    <name>And I select "day" frequency</name>
                    <title>And I select "day" frequency</title>
                </step>
                <step start="1688924229832" stop="1688924229832" status="canceled">
                    <name>When I select appliance "Washing machine"</name>
                    <title>When I select appliance "Washing machine"</title>
                </step>
                <step start="1688924229832" stop="1688924229832" status="canceled">
                    <name>Then I enter "2" hours</name>
                    <title>Then I enter "2" hours</title>
                </step>
                <step start="1688924229832" stop="1688924229832" status="canceled">
                    <name>And I enter "00" minutes</name>
                    <title>And I enter "00" minutes</title>
                </step>
                <step start="1688924229832" stop="1688924229832" status="canceled">
                    <name>And I Click on Add Appliance</name>
                    <title>And I Click on Add Appliance</title>
                </step>
            </steps>
            <attachments>
                <attachment title="attachment2" source="184ac5a2-4d9d-4d91-bcc6-fc0e6c127881-attachment.png" type="image/png"/>
            </attachments>
            <labels>
                <label name="story" value="As a resident from England I need to know appliances cost to run"/>
                <label name="feature" value="As a resident from England, Scotland, Wales, Northren Ireland I need to know estimate of electrical appliances cost to run"/>
                <label name="host" value="INLT3409"/>
                <label name="thread" value="26496@INLT3409.main(1)"/>
                <label name="framework" value="CucumberJVM"/>
            </labels>
        </test-case>
        <test-case start="1688924231213" stop="1688924244600" status="broken">
            <name>As a resident from England I need to know appliances cost to run</name>
            <title>As a resident from England I need to know appliances cost to run</title>
            <description type="text"></description>
            <failure>
                <message>NoSuchElementException: no such element: Unable to locate element: {"method":"xpath","selector":"//input[@id='frequency']"}
  (Session info: chrome=114.0.5735.199)
For documentation on this error, please visit: http://seleniumhq.org/exceptions/no_such_element.html
Build info: version: '3.11.0', revision: 'e59cfb3', time: '2018-03-11T20:26:55.152Z'
System info: host: 'INLT3409', ip: '192.168.0.9', os.name: 'Windows 10', os.arch: 'amd64', os.version: '10.0', java.version: '1.8.0_202'
Driver info: org.openqa.selenium.chrome.ChromeDriver
Capabilities {acceptInsecureCerts: false, browserName: chrome, browserVersion: 114.0.5735.199, chrome: {chromedriverVersion: 114.0.5735.90 (386bc09e8f4f..., userDataDir: C:\Users\MDS~1.PRA\AppData\...}, goog:chromeOptions: {debuggerAddress: localhost:58421}, javascriptEnabled: true, networkConnectionEnabled: false, pageLoadStrategy: normal, platform: WINDOWS, platformName: WINDOWS, proxy: Proxy(), setWindowRect: true, strictFileInteractability: false, timeouts: {implicit: 0, pageLoad: 300000, script: 30000}, unhandledPromptBehavior: dismiss and notify, webauthn:extension:credBlob: true, webauthn:extension:largeBlob: true, webauthn:extension:minPinLength: true, webauthn:extension:prf: true, webauthn:virtualAuthenticators: true}
Session ID: d1c54a26a42e4d1f00aa18a2c8eefaee
*** Element info: {Using=xpath, value=//input[@id='frequency']}</message>
                <stack-trace>org.openqa.selenium.NoSuchElementException: no such element: Unable to locate element: {"method":"xpath","selector":"//input[@id='frequency']"}
  (Session info: chrome=114.0.5735.199)
For documentation on this error, please visit: http://seleniumhq.org/exceptions/no_such_element.html
Build info: version: '3.11.0', revision: 'e59cfb3', time: '2018-03-11T20:26:55.152Z'
System info: host: 'INLT3409', ip: '192.168.0.9', os.name: 'Windows 10', os.arch: 'amd64', os.version: '10.0', java.version: '1.8.0_202'
Driver info: org.openqa.selenium.chrome.ChromeDriver
Capabilities {acceptInsecureCerts: false, browserName: chrome, browserVersion: 114.0.5735.199, chrome: {chromedriverVersion: 114.0.5735.90 (386bc09e8f4f..., userDataDir: C:\Users\MDS~1.PRA\AppData\...}, goog:chromeOptions: {debuggerAddress: localhost:58421}, javascriptEnabled: true, networkConnectionEnabled: false, pageLoadStrategy: normal, platform: WINDOWS, platformName: WINDOWS, proxy: Proxy(), setWindowRect: true, strictFileInteractability: false, timeouts: {implicit: 0, pageLoad: 300000, script: 30000}, unhandledPromptBehavior: dismiss and notify, webauthn:extension:credBlob: true, webauthn:extension:largeBlob: true, webauthn:extension:minPinLength: true, webauthn:extension:prf: true, webauthn:virtualAuthenticators: true}
Session ID: d1c54a26a42e4d1f00aa18a2c8eefaee
*** Element info: {Using=xpath, value=//input[@id='frequency']}
	at sun.reflect.NativeConstructorAccessorImpl.newInstance0(Native Method)
	at sun.reflect.NativeConstructorAccessorImpl.newInstance(NativeConstructorAccessorImpl.java:62)
	at sun.reflect.DelegatingConstructorAccessorImpl.newInstance(DelegatingConstructorAccessorImpl.java:45)
	at java.lang.reflect.Constructor.newInstance(Constructor.java:423)
	at org.openqa.selenium.remote.http.W3CHttpResponseCodec.createException(W3CHttpResponseCodec.java:187)
	at org.openqa.selenium.remote.http.W3CHttpResponseCodec.decode(W3CHttpResponseCodec.java:122)
	at org.openqa.selenium.remote.http.W3CHttpResponseCodec.decode(W3CHttpResponseCodec.java:49)
	at org.openqa.selenium.remote.HttpCommandExecutor.execute(HttpCommandExecutor.java:158)
	at org.openqa.selenium.remote.service.DriverCommandExecutor.execute(DriverCommandExecutor.java:83)
	at org.openqa.selenium.remote.RemoteWebDriver.execute(RemoteWebDriver.java:545)
	at org.openqa.selenium.remote.RemoteWebDriver.findElement(RemoteWebDriver.java:319)
	at org.openqa.selenium.remote.RemoteWebDriver.findElementByXPath(RemoteWebDriver.java:421)
	at org.openqa.selenium.By$ByXPath.findElement(By.java:361)
	at org.openqa.selenium.remote.RemoteWebDriver.findElement(RemoteWebDriver.java:311)
	at org.openqa.selenium.support.pagefactory.DefaultElementLocator.findElement(DefaultElementLocator.java:69)
	at org.openqa.selenium.support.pagefactory.internal.LocatingElementHandler.invoke(LocatingElementHandler.java:38)
	at com.sun.proxy.$Proxy19.sendKeys(Unknown Source)
	at com.cucumberFramework.pageObjects.EnergyCostCalculatorPage.frequencyDropDown(EnergyCostCalculatorPage.java:84)
	at com.cucumberFramework.stepdefinitions.StepDefinitions.i_select_frequency_from_frequency_dropdown(StepDefinitions.java:47)
	at ✽.And I select "day" frequency(src/test/resources/features/calculator/EnergyCostCalculator.feature:8)
</stack-trace>
            </failure>
            <steps>
                <step start="1688924235345" stop="1688924241928" status="passed">
                    <name>Given I navigate to the URL "https://www.citizensadvice.org.uk/consumer/energy/energy-supply/get-help-paying-your-bills/check-how-much-your-electrical-appliances-cost-to-use/"</name>
                    <title>Given I navigate to the URL "https://www.citizensadvice.org.uk/consumer/energy/energy-supply/get-help-paying-your-bills/check-how-much-your-electrical-appliances-cost-to-use/"</title>
                </step>
                <step start="1688924241929" stop="1688924242002" status="passed">
                    <name>Then I should see Energy Cost Calculator Page</name>
                    <title>Then I should see Energy Cost Calculator Page</title>
                </step>
                <step start="1688924242003" stop="1688924243126" status="passed">
                    <name>Then I Select Advice Applies to England</name>
                    <title>Then I Select Advice Applies to England</title>
                </step>
                <step start="1688924243127" stop="1688924243268" status="passed">
                    <name>And I enter "34" kwh</name>
                    <title>And I enter "34" kwh</title>
                </step>
                <step start="1688924243268" stop="1688924243292" status="broken">
                    <name>And I select "day" frequency</name>
                    <title>And I select "day" frequency</title>
                </step>
                <step start="1688924243292" stop="1688924243292" status="canceled">
                    <name>When I select appliance "Light bulb - energy-saving CFL"</name>
                    <title>When I select appliance "Light bulb - energy-saving CFL"</title>
                </step>
                <step start="1688924243292" stop="1688924243292" status="canceled">
                    <name>Then I enter "6" hours</name>
                    <title>Then I enter "6" hours</title>
                </step>
                <step start="1688924243292" stop="1688924243292" status="canceled">
                    <name>And I enter "00" minutes</name>
                    <title>And I enter "00" minutes</title>
                </step>
                <step start="1688924243292" stop="1688924243292" status="canceled">
                    <name>And I Click on Add Appliance</name>
                    <title>And I Click on Add Appliance</title>
                </step>
            </steps>
            <attachments>
                <attachment title="attachment3" source="30faa90d-e74c-4f16-a631-d5ced3d2b526-attachment.png" type="image/png"/>
            </attachments>
            <labels>
                <label name="story" value="As a resident from England I need to know appliances cost to run"/>
                <label name="feature" value="As a resident from England, Scotland, Wales, Northren Ireland I need to know estimate of electrical appliances cost to run"/>
                <label name="host" value="INLT3409"/>
                <label name="thread" value="26496@INLT3409.main(1)"/>
                <label name="framework" value="CucumberJVM"/>
            </labels>
        </test-case>
        <test-case start="1688924244602" stop="1688924259374" status="broken">
            <name>As a resident from England I need to know appliances cost to run</name>
            <title>As a resident from England I need to know appliances cost to run</title>
            <description type="text"></description>
            <failure>
                <message>NoSuchElementException: no such element: Unable to locate element: {"method":"xpath","selector":"//input[@id='frequency']"}
  (Session info: chrome=114.0.5735.199)
For documentation on this error, please visit: http://seleniumhq.org/exceptions/no_such_element.html
Build info: version: '3.11.0', revision: 'e59cfb3', time: '2018-03-11T20:26:55.152Z'
System info: host: 'INLT3409', ip: '192.168.0.9', os.name: 'Windows 10', os.arch: 'amd64', os.version: '10.0', java.version: '1.8.0_202'
Driver info: org.openqa.selenium.chrome.ChromeDriver
Capabilities {acceptInsecureCerts: false, browserName: chrome, browserVersion: 114.0.5735.199, chrome: {chromedriverVersion: 114.0.5735.90 (386bc09e8f4f..., userDataDir: C:\Users\MDS~1.PRA\AppData\...}, goog:chromeOptions: {debuggerAddress: localhost:58477}, javascriptEnabled: true, networkConnectionEnabled: false, pageLoadStrategy: normal, platform: WINDOWS, platformName: WINDOWS, proxy: Proxy(), setWindowRect: true, strictFileInteractability: false, timeouts: {implicit: 0, pageLoad: 300000, script: 30000}, unhandledPromptBehavior: dismiss and notify, webauthn:extension:credBlob: true, webauthn:extension:largeBlob: true, webauthn:extension:minPinLength: true, webauthn:extension:prf: true, webauthn:virtualAuthenticators: true}
Session ID: dee4ab65077df556c0e754da8e064ace
*** Element info: {Using=xpath, value=//input[@id='frequency']}</message>
                <stack-trace>org.openqa.selenium.NoSuchElementException: no such element: Unable to locate element: {"method":"xpath","selector":"//input[@id='frequency']"}
  (Session info: chrome=114.0.5735.199)
For documentation on this error, please visit: http://seleniumhq.org/exceptions/no_such_element.html
Build info: version: '3.11.0', revision: 'e59cfb3', time: '2018-03-11T20:26:55.152Z'
System info: host: 'INLT3409', ip: '192.168.0.9', os.name: 'Windows 10', os.arch: 'amd64', os.version: '10.0', java.version: '1.8.0_202'
Driver info: org.openqa.selenium.chrome.ChromeDriver
Capabilities {acceptInsecureCerts: false, browserName: chrome, browserVersion: 114.0.5735.199, chrome: {chromedriverVersion: 114.0.5735.90 (386bc09e8f4f..., userDataDir: C:\Users\MDS~1.PRA\AppData\...}, goog:chromeOptions: {debuggerAddress: localhost:58477}, javascriptEnabled: true, networkConnectionEnabled: false, pageLoadStrategy: normal, platform: WINDOWS, platformName: WINDOWS, proxy: Proxy(), setWindowRect: true, strictFileInteractability: false, timeouts: {implicit: 0, pageLoad: 300000, script: 30000}, unhandledPromptBehavior: dismiss and notify, webauthn:extension:credBlob: true, webauthn:extension:largeBlob: true, webauthn:extension:minPinLength: true, webauthn:extension:prf: true, webauthn:virtualAuthenticators: true}
Session ID: dee4ab65077df556c0e754da8e064ace
*** Element info: {Using=xpath, value=//input[@id='frequency']}
	at sun.reflect.NativeConstructorAccessorImpl.newInstance0(Native Method)
	at sun.reflect.NativeConstructorAccessorImpl.newInstance(NativeConstructorAccessorImpl.java:62)
	at sun.reflect.DelegatingConstructorAccessorImpl.newInstance(DelegatingConstructorAccessorImpl.java:45)
	at java.lang.reflect.Constructor.newInstance(Constructor.java:423)
	at org.openqa.selenium.remote.http.W3CHttpResponseCodec.createException(W3CHttpResponseCodec.java:187)
	at org.openqa.selenium.remote.http.W3CHttpResponseCodec.decode(W3CHttpResponseCodec.java:122)
	at org.openqa.selenium.remote.http.W3CHttpResponseCodec.decode(W3CHttpResponseCodec.java:49)
	at org.openqa.selenium.remote.HttpCommandExecutor.execute(HttpCommandExecutor.java:158)
	at org.openqa.selenium.remote.service.DriverCommandExecutor.execute(DriverCommandExecutor.java:83)
	at org.openqa.selenium.remote.RemoteWebDriver.execute(RemoteWebDriver.java:545)
	at org.openqa.selenium.remote.RemoteWebDriver.findElement(RemoteWebDriver.java:319)
	at org.openqa.selenium.remote.RemoteWebDriver.findElementByXPath(RemoteWebDriver.java:421)
	at org.openqa.selenium.By$ByXPath.findElement(By.java:361)
	at org.openqa.selenium.remote.RemoteWebDriver.findElement(RemoteWebDriver.java:311)
	at org.openqa.selenium.support.pagefactory.DefaultElementLocator.findElement(DefaultElementLocator.java:69)
	at org.openqa.selenium.support.pagefactory.internal.LocatingElementHandler.invoke(LocatingElementHandler.java:38)
	at com.sun.proxy.$Proxy19.sendKeys(Unknown Source)
	at com.cucumberFramework.pageObjects.EnergyCostCalculatorPage.frequencyDropDown(EnergyCostCalculatorPage.java:84)
	at com.cucumberFramework.stepdefinitions.StepDefinitions.i_select_frequency_from_frequency_dropdown(StepDefinitions.java:47)
	at ✽.And I select "day" frequency(src/test/resources/features/calculator/EnergyCostCalculator.feature:8)
</stack-trace>
            </failure>
            <steps>
                <step start="1688924250285" stop="1688924256528" status="passed">
                    <name>Given I navigate to the URL "https://www.citizensadvice.org.uk/consumer/energy/energy-supply/get-help-paying-your-bills/check-how-much-your-electrical-appliances-cost-to-use/"</name>
                    <title>Given I navigate to the URL "https://www.citizensadvice.org.uk/consumer/energy/energy-supply/get-help-paying-your-bills/check-how-much-your-electrical-appliances-cost-to-use/"</title>
                </step>
                <step start="1688924256528" stop="1688924256596" status="passed">
                    <name>Then I should see Energy Cost Calculator Page</name>
                    <title>Then I should see Energy Cost Calculator Page</title>
                </step>
                <step start="1688924256597" stop="1688924257934" status="passed">
                    <name>Then I Select Advice Applies to England</name>
                    <title>Then I Select Advice Applies to England</title>
                </step>
                <step start="1688924257934" stop="1688924258081" status="passed">
                    <name>And I enter "34" kwh</name>
                    <title>And I enter "34" kwh</title>
                </step>
                <step start="1688924258081" stop="1688924258111" status="broken">
                    <name>And I select "day" frequency</name>
                    <title>And I select "day" frequency</title>
                </step>
                <step start="1688924258111" stop="1688924258111" status="canceled">
                    <name>When I select appliance "Light bulb - energy-saving LED"</name>
                    <title>When I select appliance "Light bulb - energy-saving LED"</title>
                </step>
                <step start="1688924258111" stop="1688924258111" status="canceled">
                    <name>Then I enter "6" hours</name>
                    <title>Then I enter "6" hours</title>
                </step>
                <step start="1688924258112" stop="1688924258112" status="canceled">
                    <name>And I enter "00" minutes</name>
                    <title>And I enter "00" minutes</title>
                </step>
                <step start="1688924258112" stop="1688924258112" status="canceled">
                    <name>And I Click on Add Appliance</name>
                    <title>And I Click on Add Appliance</title>
                </step>
            </steps>
            <attachments>
                <attachment title="attachment4" source="5620e6c5-d902-4320-a36f-fa69d9d81bc3-attachment.png" type="image/png"/>
            </attachments>
            <labels>
                <label name="story" value="As a resident from England I need to know appliances cost to run"/>
                <label name="feature" value="As a resident from England, Scotland, Wales, Northren Ireland I need to know estimate of electrical appliances cost to run"/>
                <label name="host" value="INLT3409"/>
                <label name="thread" value="26496@INLT3409.main(1)"/>
                <label name="framework" value="CucumberJVM"/>
            </labels>
        </test-case>
        <test-case start="1688924259375" stop="1688924266894" status="broken">
            <name>As a resident from England I need to know appliances cost to run</name>
            <title>As a resident from England I need to know appliances cost to run</title>
            <description type="text"></description>
            <failure>
                <message>NoSuchWindowException: no such window: target window already closed
from unknown error: web view not found
  (Session info: chrome=114.0.5735.199)
Build info: version: '3.11.0', revision: 'e59cfb3', time: '2018-03-11T20:26:55.152Z'
System info: host: 'INLT3409', ip: '192.168.0.9', os.name: 'Windows 10', os.arch: 'amd64', os.version: '10.0', java.version: '1.8.0_202'
Driver info: org.openqa.selenium.chrome.ChromeDriver
Capabilities {acceptInsecureCerts: false, browserName: chrome, browserVersion: 114.0.5735.199, chrome: {chromedriverVersion: 114.0.5735.90 (386bc09e8f4f..., userDataDir: C:\Users\MDS~1.PRA\AppData\...}, goog:chromeOptions: {debuggerAddress: localhost:58534}, javascriptEnabled: true, networkConnectionEnabled: false, pageLoadStrategy: normal, platform: WINDOWS, platformName: WINDOWS, proxy: Proxy(), setWindowRect: true, strictFileInteractability: false, timeouts: {implicit: 0, pageLoad: 300000, script: 30000}, unhandledPromptBehavior: dismiss and notify, webauthn:extension:credBlob: true, webauthn:extension:largeBlob: true, webauthn:extension:minPinLength: true, webauthn:extension:prf: true, webauthn:virtualAuthenticators: true}
Session ID: 67b65bf3bcdd15ef6f13599c0f475dc6
*** Element info: {Using=xpath, value=//span[text()='Compare how much electrical appliances cost to use']}</message>
                <stack-trace>org.openqa.selenium.NoSuchWindowException: no such window: target window already closed
from unknown error: web view not found
  (Session info: chrome=114.0.5735.199)
Build info: version: '3.11.0', revision: 'e59cfb3', time: '2018-03-11T20:26:55.152Z'
System info: host: 'INLT3409', ip: '192.168.0.9', os.name: 'Windows 10', os.arch: 'amd64', os.version: '10.0', java.version: '1.8.0_202'
Driver info: org.openqa.selenium.chrome.ChromeDriver
Capabilities {acceptInsecureCerts: false, browserName: chrome, browserVersion: 114.0.5735.199, chrome: {chromedriverVersion: 114.0.5735.90 (386bc09e8f4f..., userDataDir: C:\Users\MDS~1.PRA\AppData\...}, goog:chromeOptions: {debuggerAddress: localhost:58534}, javascriptEnabled: true, networkConnectionEnabled: false, pageLoadStrategy: normal, platform: WINDOWS, platformName: WINDOWS, proxy: Proxy(), setWindowRect: true, strictFileInteractability: false, timeouts: {implicit: 0, pageLoad: 300000, script: 30000}, unhandledPromptBehavior: dismiss and notify, webauthn:extension:credBlob: true, webauthn:extension:largeBlob: true, webauthn:extension:minPinLength: true, webauthn:extension:prf: true, webauthn:virtualAuthenticators: true}
Session ID: 67b65bf3bcdd15ef6f13599c0f475dc6
*** Element info: {Using=xpath, value=//span[text()='Compare how much electrical appliances cost to use']}
	at sun.reflect.NativeConstructorAccessorImpl.newInstance0(Native Method)
	at sun.reflect.NativeConstructorAccessorImpl.newInstance(NativeConstructorAccessorImpl.java:62)
	at sun.reflect.DelegatingConstructorAccessorImpl.newInstance(DelegatingConstructorAccessorImpl.java:45)
	at java.lang.reflect.Constructor.newInstance(Constructor.java:423)
	at org.openqa.selenium.remote.http.W3CHttpResponseCodec.createException(W3CHttpResponseCodec.java:187)
	at org.openqa.selenium.remote.http.W3CHttpResponseCodec.decode(W3CHttpResponseCodec.java:122)
	at org.openqa.selenium.remote.http.W3CHttpResponseCodec.decode(W3CHttpResponseCodec.java:49)
	at org.openqa.selenium.remote.HttpCommandExecutor.execute(HttpCommandExecutor.java:158)
	at org.openqa.selenium.remote.service.DriverCommandExecutor.execute(DriverCommandExecutor.java:83)
	at org.openqa.selenium.remote.RemoteWebDriver.execute(RemoteWebDriver.java:545)
	at org.openqa.selenium.remote.RemoteWebDriver.findElement(RemoteWebDriver.java:319)
	at org.openqa.selenium.remote.RemoteWebDriver.findElementByXPath(RemoteWebDriver.java:421)
	at org.openqa.selenium.By$ByXPath.findElement(By.java:361)
	at org.openqa.selenium.remote.RemoteWebDriver.findElement(RemoteWebDriver.java:311)
	at org.openqa.selenium.support.pagefactory.DefaultElementLocator.findElement(DefaultElementLocator.java:69)
	at org.openqa.selenium.support.pagefactory.internal.LocatingElementHandler.invoke(LocatingElementHandler.java:38)
	at com.sun.proxy.$Proxy19.isDisplayed(Unknown Source)
	at com.cucumberFramework.stepdefinitions.StepDefinitions.i_should_see_Sign_In_Page(StepDefinitions.java:27)
	at ✽.Then I should see Energy Cost Calculator Page(src/test/resources/features/calculator/EnergyCostCalculator.feature:5)
</stack-trace>
            </failure>
            <steps>
                <step start="1688924263854" stop="1688924265861" status="passed">
                    <name>Given I navigate to the URL "https://www.citizensadvice.org.uk/consumer/energy/energy-supply/get-help-paying-your-bills/check-how-much-your-electrical-appliances-cost-to-use/"</name>
                    <title>Given I navigate to the URL "https://www.citizensadvice.org.uk/consumer/energy/energy-supply/get-help-paying-your-bills/check-how-much-your-electrical-appliances-cost-to-use/"</title>
                </step>
                <step start="1688924265863" stop="1688924265890" status="broken">
                    <name>Then I should see Energy Cost Calculator Page</name>
                    <title>Then I should see Energy Cost Calculator Page</title>
                </step>
                <step start="1688924265890" stop="1688924265890" status="canceled">
                    <name>Then I Select Advice Applies to England</name>
                    <title>Then I Select Advice Applies to England</title>
                </step>
                <step start="1688924265891" stop="1688924265891" status="canceled">
                    <name>And I enter "34" kwh</name>
                    <title>And I enter "34" kwh</title>
                </step>
                <step start="1688924265891" stop="1688924265891" status="canceled">
                    <name>And I select "day" frequency</name>
                    <title>And I select "day" frequency</title>
                </step>
                <step start="1688924265891" stop="1688924265891" status="canceled">
                    <name>When I select appliance "TV"</name>
                    <title>When I select appliance "TV"</title>
                </step>
                <step start="1688924265891" stop="1688924265891" status="canceled">
                    <name>Then I enter "4" hours</name>
                    <title>Then I enter "4" hours</title>
                </step>
                <step start="1688924265891" stop="1688924265891" status="canceled">
                    <name>And I enter "00" minutes</name>
                    <title>And I enter "00" minutes</title>
                </step>
                <step start="1688924265891" stop="1688924265891" status="canceled">
                    <name>And I Click on Add Appliance</name>
                    <title>And I Click on Add Appliance</title>
                </step>
            </steps>
            <attachments/>
            <labels>
                <label name="story" value="As a resident from England I need to know appliances cost to run"/>
                <label name="feature" value="As a resident from England, Scotland, Wales, Northren Ireland I need to know estimate of electrical appliances cost to run"/>
                <label name="host" value="INLT3409"/>
                <label name="thread" value="26496@INLT3409.main(1)"/>
                <label name="framework" value="CucumberJVM"/>
            </labels>
        </test-case>
        <test-case start="1688924266896" stop="1688924278608" status="broken">
            <name>As a resident from England I need to know appliances cost to run</name>
            <title>As a resident from England I need to know appliances cost to run</title>
            <description type="text"></description>
            <failure>
                <message>NoSuchWindowException: no such window: target window already closed
from unknown error: web view not found
  (Session info: chrome=114.0.5735.199)
Build info: version: '3.11.0', revision: 'e59cfb3', time: '2018-03-11T20:26:55.152Z'
System info: host: 'INLT3409', ip: '192.168.0.9', os.name: 'Windows 10', os.arch: 'amd64', os.version: '10.0', java.version: '1.8.0_202'
Driver info: org.openqa.selenium.chrome.ChromeDriver
Capabilities {acceptInsecureCerts: false, browserName: chrome, browserVersion: 114.0.5735.199, chrome: {chromedriverVersion: 114.0.5735.90 (386bc09e8f4f..., userDataDir: C:\Users\MDS~1.PRA\AppData\...}, goog:chromeOptions: {debuggerAddress: localhost:58561}, javascriptEnabled: true, networkConnectionEnabled: false, pageLoadStrategy: normal, platform: WINDOWS, platformName: WINDOWS, proxy: Proxy(), setWindowRect: true, strictFileInteractability: false, timeouts: {implicit: 0, pageLoad: 300000, script: 30000}, unhandledPromptBehavior: dismiss and notify, webauthn:extension:credBlob: true, webauthn:extension:largeBlob: true, webauthn:extension:minPinLength: true, webauthn:extension:prf: true, webauthn:virtualAuthenticators: true}
Session ID: bbe1e2ec0bb3760bd61ffa3a6370051b
*** Element info: {Using=xpath, value=//input[@id='kwhcost']}</message>
                <stack-trace>org.openqa.selenium.NoSuchWindowException: no such window: target window already closed
from unknown error: web view not found
  (Session info: chrome=114.0.5735.199)
Build info: version: '3.11.0', revision: 'e59cfb3', time: '2018-03-11T20:26:55.152Z'
System info: host: 'INLT3409', ip: '192.168.0.9', os.name: 'Windows 10', os.arch: 'amd64', os.version: '10.0', java.version: '1.8.0_202'
Driver info: org.openqa.selenium.chrome.ChromeDriver
Capabilities {acceptInsecureCerts: false, browserName: chrome, browserVersion: 114.0.5735.199, chrome: {chromedriverVersion: 114.0.5735.90 (386bc09e8f4f..., userDataDir: C:\Users\MDS~1.PRA\AppData\...}, goog:chromeOptions: {debuggerAddress: localhost:58561}, javascriptEnabled: true, networkConnectionEnabled: false, pageLoadStrategy: normal, platform: WINDOWS, platformName: WINDOWS, proxy: Proxy(), setWindowRect: true, strictFileInteractability: false, timeouts: {implicit: 0, pageLoad: 300000, script: 30000}, unhandledPromptBehavior: dismiss and notify, webauthn:extension:credBlob: true, webauthn:extension:largeBlob: true, webauthn:extension:minPinLength: true, webauthn:extension:prf: true, webauthn:virtualAuthenticators: true}
Session ID: bbe1e2ec0bb3760bd61ffa3a6370051b
*** Element info: {Using=xpath, value=//input[@id='kwhcost']}
	at sun.reflect.NativeConstructorAccessorImpl.newInstance0(Native Method)
	at sun.reflect.NativeConstructorAccessorImpl.newInstance(NativeConstructorAccessorImpl.java:62)
	at sun.reflect.DelegatingConstructorAccessorImpl.newInstance(DelegatingConstructorAccessorImpl.java:45)
	at java.lang.reflect.Constructor.newInstance(Constructor.java:423)
	at org.openqa.selenium.remote.http.W3CHttpResponseCodec.createException(W3CHttpResponseCodec.java:187)
	at org.openqa.selenium.remote.http.W3CHttpResponseCodec.decode(W3CHttpResponseCodec.java:122)
	at org.openqa.selenium.remote.http.W3CHttpResponseCodec.decode(W3CHttpResponseCodec.java:49)
	at org.openqa.selenium.remote.HttpCommandExecutor.execute(HttpCommandExecutor.java:158)
	at org.openqa.selenium.remote.service.DriverCommandExecutor.execute(DriverCommandExecutor.java:83)
	at org.openqa.selenium.remote.RemoteWebDriver.execute(RemoteWebDriver.java:545)
	at org.openqa.selenium.remote.RemoteWebDriver.findElement(RemoteWebDriver.java:319)
	at org.openqa.selenium.remote.RemoteWebDriver.findElementByXPath(RemoteWebDriver.java:421)
	at org.openqa.selenium.By$ByXPath.findElement(By.java:361)
	at org.openqa.selenium.remote.RemoteWebDriver.findElement(RemoteWebDriver.java:311)
	at org.openqa.selenium.support.pagefactory.DefaultElementLocator.findElement(DefaultElementLocator.java:69)
	at org.openqa.selenium.support.pagefactory.internal.LocatingElementHandler.invoke(LocatingElementHandler.java:38)
	at com.sun.proxy.$Proxy19.sendKeys(Unknown Source)
	at com.cucumberFramework.pageObjects.EnergyCostCalculatorPage.kwhCost(EnergyCostCalculatorPage.java:88)
	at com.cucumberFramework.stepdefinitions.StepDefinitions.i_enter_kwh_onto_kwh_cost(StepDefinitions.java:52)
	at ✽.And I enter "34" kwh(src/test/resources/features/calculator/EnergyCostCalculator.feature:7)
</stack-trace>
            </failure>
            <steps>
                <step start="1688924270842" stop="1688924276360" status="passed">
                    <name>Given I navigate to the URL "https://www.citizensadvice.org.uk/consumer/energy/energy-supply/get-help-paying-your-bills/check-how-much-your-electrical-appliances-cost-to-use/"</name>
                    <title>Given I navigate to the URL "https://www.citizensadvice.org.uk/consumer/energy/energy-supply/get-help-paying-your-bills/check-how-much-your-electrical-appliances-cost-to-use/"</title>
                </step>
                <step start="1688924276361" stop="1688924276418" status="passed">
                    <name>Then I should see Energy Cost Calculator Page</name>
                    <title>Then I should see Energy Cost Calculator Page</title>
                </step>
                <step start="1688924276418" stop="1688924277601" status="passed">
                    <name>Then I Select Advice Applies to England</name>
                    <title>Then I Select Advice Applies to England</title>
                </step>
                <step start="1688924277601" stop="1688924277626" status="broken">
                    <name>And I enter "34" kwh</name>
                    <title>And I enter "34" kwh</title>
                </step>
                <step start="1688924277627" stop="1688924277627" status="canceled">
                    <name>And I select "day" frequency</name>
                    <title>And I select "day" frequency</title>
                </step>
                <step start="1688924277629" stop="1688924277629" status="canceled">
                    <name>When I select appliance "Microwave"</name>
                    <title>When I select appliance "Microwave"</title>
                </step>
                <step start="1688924277631" stop="1688924277632" status="canceled">
                    <name>Then I enter "1" hours</name>
                    <title>Then I enter "1" hours</title>
                </step>
                <step start="1688924277633" stop="1688924277634" status="canceled">
                    <name>And I enter "00" minutes</name>
                    <title>And I enter "00" minutes</title>
                </step>
                <step start="1688924277635" stop="1688924277635" status="canceled">
                    <name>And I Click on Add Appliance</name>
                    <title>And I Click on Add Appliance</title>
                </step>
            </steps>
            <attachments/>
            <labels>
                <label name="story" value="As a resident from England I need to know appliances cost to run"/>
                <label name="feature" value="As a resident from England, Scotland, Wales, Northren Ireland I need to know estimate of electrical appliances cost to run"/>
                <label name="host" value="INLT3409"/>
                <label name="thread" value="26496@INLT3409.main(1)"/>
                <label name="framework" value="CucumberJVM"/>
            </labels>
        </test-case>
        <test-case start="1688924278609" stop="1688924285868" status="broken">
            <name>As a resident from England I need to know appliances cost to run</name>
            <title>As a resident from England I need to know appliances cost to run</title>
            <description type="text"></description>
            <failure>
                <message>NoSuchWindowException: no such window: target window already closed
from unknown error: web view not found
  (Session info: chrome=114.0.5735.199)
Build info: version: '3.11.0', revision: 'e59cfb3', time: '2018-03-11T20:26:55.152Z'
System info: host: 'INLT3409', ip: '192.168.0.9', os.name: 'Windows 10', os.arch: 'amd64', os.version: '10.0', java.version: '1.8.0_202'
Driver info: org.openqa.selenium.chrome.ChromeDriver
Capabilities {acceptInsecureCerts: false, browserName: chrome, browserVersion: 114.0.5735.199, chrome: {chromedriverVersion: 114.0.5735.90 (386bc09e8f4f..., userDataDir: C:\Users\MDS~1.PRA\AppData\...}, goog:chromeOptions: {debuggerAddress: localhost:58612}, javascriptEnabled: true, networkConnectionEnabled: false, pageLoadStrategy: normal, platform: WINDOWS, platformName: WINDOWS, proxy: Proxy(), setWindowRect: true, strictFileInteractability: false, timeouts: {implicit: 0, pageLoad: 300000, script: 30000}, unhandledPromptBehavior: dismiss and notify, webauthn:extension:credBlob: true, webauthn:extension:largeBlob: true, webauthn:extension:minPinLength: true, webauthn:extension:prf: true, webauthn:virtualAuthenticators: true}
Session ID: 52c529430333e12f261418c2ec96fb35
*** Element info: {Using=xpath, value=//span[text()='Compare how much electrical appliances cost to use']}</message>
                <stack-trace>org.openqa.selenium.NoSuchWindowException: no such window: target window already closed
from unknown error: web view not found
  (Session info: chrome=114.0.5735.199)
Build info: version: '3.11.0', revision: 'e59cfb3', time: '2018-03-11T20:26:55.152Z'
System info: host: 'INLT3409', ip: '192.168.0.9', os.name: 'Windows 10', os.arch: 'amd64', os.version: '10.0', java.version: '1.8.0_202'
Driver info: org.openqa.selenium.chrome.ChromeDriver
Capabilities {acceptInsecureCerts: false, browserName: chrome, browserVersion: 114.0.5735.199, chrome: {chromedriverVersion: 114.0.5735.90 (386bc09e8f4f..., userDataDir: C:\Users\MDS~1.PRA\AppData\...}, goog:chromeOptions: {debuggerAddress: localhost:58612}, javascriptEnabled: true, networkConnectionEnabled: false, pageLoadStrategy: normal, platform: WINDOWS, platformName: WINDOWS, proxy: Proxy(), setWindowRect: true, strictFileInteractability: false, timeouts: {implicit: 0, pageLoad: 300000, script: 30000}, unhandledPromptBehavior: dismiss and notify, webauthn:extension:credBlob: true, webauthn:extension:largeBlob: true, webauthn:extension:minPinLength: true, webauthn:extension:prf: true, webauthn:virtualAuthenticators: true}
Session ID: 52c529430333e12f261418c2ec96fb35
*** Element info: {Using=xpath, value=//span[text()='Compare how much electrical appliances cost to use']}
	at sun.reflect.NativeConstructorAccessorImpl.newInstance0(Native Method)
	at sun.reflect.NativeConstructorAccessorImpl.newInstance(NativeConstructorAccessorImpl.java:62)
	at sun.reflect.DelegatingConstructorAccessorImpl.newInstance(DelegatingConstructorAccessorImpl.java:45)
	at java.lang.reflect.Constructor.newInstance(Constructor.java:423)
	at org.openqa.selenium.remote.http.W3CHttpResponseCodec.createException(W3CHttpResponseCodec.java:187)
	at org.openqa.selenium.remote.http.W3CHttpResponseCodec.decode(W3CHttpResponseCodec.java:122)
	at org.openqa.selenium.remote.http.W3CHttpResponseCodec.decode(W3CHttpResponseCodec.java:49)
	at org.openqa.selenium.remote.HttpCommandExecutor.execute(HttpCommandExecutor.java:158)
	at org.openqa.selenium.remote.service.DriverCommandExecutor.execute(DriverCommandExecutor.java:83)
	at org.openqa.selenium.remote.RemoteWebDriver.execute(RemoteWebDriver.java:545)
	at org.openqa.selenium.remote.RemoteWebDriver.findElement(RemoteWebDriver.java:319)
	at org.openqa.selenium.remote.RemoteWebDriver.findElementByXPath(RemoteWebDriver.java:421)
	at org.openqa.selenium.By$ByXPath.findElement(By.java:361)
	at org.openqa.selenium.remote.RemoteWebDriver.findElement(RemoteWebDriver.java:311)
	at org.openqa.selenium.support.pagefactory.DefaultElementLocator.findElement(DefaultElementLocator.java:69)
	at org.openqa.selenium.support.pagefactory.internal.LocatingElementHandler.invoke(LocatingElementHandler.java:38)
	at com.sun.proxy.$Proxy19.isDisplayed(Unknown Source)
	at com.cucumberFramework.stepdefinitions.StepDefinitions.i_should_see_Sign_In_Page(StepDefinitions.java:27)
	at ✽.Then I should see Energy Cost Calculator Page(src/test/resources/features/calculator/EnergyCostCalculator.feature:5)
</stack-trace>
            </failure>
            <steps>
                <step start="1688924282798" stop="1688924284774" status="passed">
                    <name>Given I navigate to the URL "https://www.citizensadvice.org.uk/consumer/energy/energy-supply/get-help-paying-your-bills/check-how-much-your-electrical-appliances-cost-to-use/"</name>
                    <title>Given I navigate to the URL "https://www.citizensadvice.org.uk/consumer/energy/energy-supply/get-help-paying-your-bills/check-how-much-your-electrical-appliances-cost-to-use/"</title>
                </step>
                <step start="1688924284774" stop="1688924284791" status="broken">
                    <name>Then I should see Energy Cost Calculator Page</name>
                    <title>Then I should see Energy Cost Calculator Page</title>
                </step>
                <step start="1688924284793" stop="1688924284795" status="canceled">
                    <name>Then I Select Advice Applies to England</name>
                    <title>Then I Select Advice Applies to England</title>
                </step>
                <step start="1688924284795" stop="1688924284795" status="canceled">
                    <name>And I enter "34" kwh</name>
                    <title>And I enter "34" kwh</title>
                </step>
                <step start="1688924284795" stop="1688924284795" status="canceled">
                    <name>And I select "day" frequency</name>
                    <title>And I select "day" frequency</title>
                </step>
                <step start="1688924284795" stop="1688924284795" status="canceled">
                    <name>When I select appliance "Electric car charger (wallbox)"</name>
                    <title>When I select appliance "Electric car charger (wallbox)"</title>
                </step>
                <step start="1688924284795" stop="1688924284795" status="canceled">
                    <name>Then I enter "8" hours</name>
                    <title>Then I enter "8" hours</title>
                </step>
                <step start="1688924284796" stop="1688924284796" status="canceled">
                    <name>And I enter "00" minutes</name>
                    <title>And I enter "00" minutes</title>
                </step>
                <step start="1688924284796" stop="1688924284796" status="canceled">
                    <name>And I Click on Add Appliance</name>
                    <title>And I Click on Add Appliance</title>
                </step>
            </steps>
            <attachments/>
            <labels>
                <label name="story" value="As a resident from England I need to know appliances cost to run"/>
                <label name="feature" value="As a resident from England, Scotland, Wales, Northren Ireland I need to know estimate of electrical appliances cost to run"/>
                <label name="host" value="INLT3409"/>
                <label name="thread" value="26496@INLT3409.main(1)"/>
                <label name="framework" value="CucumberJVM"/>
            </labels>
        </test-case>
        <test-case start="1688924285870" stop="1688924290459" status="broken">
            <name>As a resident from Scotland I need to know appliances cost to run</name>
            <title>As a resident from Scotland I need to know appliances cost to run</title>
            <description type="text"></description>
            <failure>
                <message>Test was interrupted</message>
            </failure>
            <labels>
                <label name="story" value="As a resident from Scotland I need to know appliances cost to run"/>
                <label name="feature" value="As a resident from England, Scotland, Wales, Northren Ireland I need to know estimate of electrical appliances cost to run"/>
                <label name="host" value="INLT3409"/>
                <label name="thread" value="26496@INLT3409.main(1)"/>
                <label name="framework" value="CucumberJVM"/>
            </labels>
        </test-case>
        <test-case start="1688924180412" stop="1688924290459" status="broken">
            <name>As a resident from England, Scotland, Wales, Northren Ireland I need to know estimate of electrical appliances cost to run</name>
            <title>As a resident from England, Scotland, Wales, Northren Ireland I need to know estimate of electrical appliances cost to run</title>
            <failure>
                <message>Test suite was interrupted, some test cases may be lost</message>
            </failure>
        </test-case>
    </test-cases>
    <labels>
        <label name="feature" value="As a resident from England, Scotland, Wales, Northren Ireland I need to know estimate of electrical appliances cost to run"/>
        <label name="language" value="JAVA"/>
    </labels>
</ns2:test-suite>
