<?xml version="1.0" encoding="UTF-8" standalone="yes"?>
<ns2:test-suite start="1688926306599" stop="1688926341628" version="1.5.2" xmlns:ns2="urn:model.allure.qatools.yandex.ru">
    <name>As a resident from England, Scotland, Wales, Northren Ireland I need to know estimate of electrical appliances cost to run</name>
    <description type="text"></description>
    <test-cases>
        <test-case start="1688926306686" stop="1688926324085" status="broken">
            <name>As a resident from England I need to know appliances cost to run</name>
            <title>As a resident from England I need to know appliances cost to run</title>
            <description type="text"></description>
            <failure>
                <message>InvalidSelectorException: invalid selector: Unable to locate an element with the xpath expression Proxy element for: DefaultElementLocator 'By.xpath: //input[@id='frequency']' because of the following error:
SyntaxError: Failed to execute 'evaluate' on 'Document': The string 'Proxy element for: DefaultElementLocator 'By.xpath: //input[@id='frequency']'' is not a valid XPath expression.
  (Session info: chrome=114.0.5735.199)
For documentation on this error, please visit: http://seleniumhq.org/exceptions/invalid_selector_exception.html
Build info: version: '3.11.0', revision: 'e59cfb3', time: '2018-03-11T20:26:55.152Z'
System info: host: 'INLT3409', ip: '192.168.0.9', os.name: 'Windows 10', os.arch: 'amd64', os.version: '10.0', java.version: '1.8.0_202'
Driver info: org.openqa.selenium.chrome.ChromeDriver
Capabilities {acceptInsecureCerts: false, browserName: chrome, browserVersion: 114.0.5735.199, chrome: {chromedriverVersion: 114.0.5735.90 (386bc09e8f4f..., userDataDir: C:\Users\MDS~1.PRA\AppData\...}, goog:chromeOptions: {debuggerAddress: localhost:62038}, javascriptEnabled: true, networkConnectionEnabled: false, pageLoadStrategy: normal, platform: WINDOWS, platformName: WINDOWS, proxy: Proxy(), setWindowRect: true, strictFileInteractability: false, timeouts: {implicit: 0, pageLoad: 300000, script: 30000}, unhandledPromptBehavior: dismiss and notify, webauthn:extension:credBlob: true, webauthn:extension:largeBlob: true, webauthn:extension:minPinLength: true, webauthn:extension:prf: true, webauthn:virtualAuthenticators: true}
Session ID: 31c7d7c240df363ac30d626cc4acc8d4
*** Element info: {Using=xpath, value=Proxy element for: DefaultElementLocator 'By.xpath: //input[@id='frequency']'}</message>
                <stack-trace>org.openqa.selenium.InvalidSelectorException: invalid selector: Unable to locate an element with the xpath expression Proxy element for: DefaultElementLocator 'By.xpath: //input[@id='frequency']' because of the following error:
SyntaxError: Failed to execute 'evaluate' on 'Document': The string 'Proxy element for: DefaultElementLocator 'By.xpath: //input[@id='frequency']'' is not a valid XPath expression.
  (Session info: chrome=114.0.5735.199)
For documentation on this error, please visit: http://seleniumhq.org/exceptions/invalid_selector_exception.html
Build info: version: '3.11.0', revision: 'e59cfb3', time: '2018-03-11T20:26:55.152Z'
System info: host: 'INLT3409', ip: '192.168.0.9', os.name: 'Windows 10', os.arch: 'amd64', os.version: '10.0', java.version: '1.8.0_202'
Driver info: org.openqa.selenium.chrome.ChromeDriver
Capabilities {acceptInsecureCerts: false, browserName: chrome, browserVersion: 114.0.5735.199, chrome: {chromedriverVersion: 114.0.5735.90 (386bc09e8f4f..., userDataDir: C:\Users\MDS~1.PRA\AppData\...}, goog:chromeOptions: {debuggerAddress: localhost:62038}, javascriptEnabled: true, networkConnectionEnabled: false, pageLoadStrategy: normal, platform: WINDOWS, platformName: WINDOWS, proxy: Proxy(), setWindowRect: true, strictFileInteractability: false, timeouts: {implicit: 0, pageLoad: 300000, script: 30000}, unhandledPromptBehavior: dismiss and notify, webauthn:extension:credBlob: true, webauthn:extension:largeBlob: true, webauthn:extension:minPinLength: true, webauthn:extension:prf: true, webauthn:virtualAuthenticators: true}
Session ID: 31c7d7c240df363ac30d626cc4acc8d4
*** Element info: {Using=xpath, value=Proxy element for: DefaultElementLocator 'By.xpath: //input[@id='frequency']'}
	at sun.reflect.NativeConstructorAccessorImpl.newInstance0(Native Method)
	at sun.reflect.NativeConstructorAccessorImpl.newInstance(NativeConstructorAccessorImpl.java:62)
	at sun.reflect.DelegatingConstructorAccessorImpl.newInstance(DelegatingConstructorAccessorImpl.java:45)
	at java.lang.reflect.Constructor.newInstance(Constructor.java:423)
	at org.openqa.selenium.remote.http.W3CHttpResponseCodec.createException(W3CHttpResponseCodec.java:187)
	at org.openqa.selenium.remote.http.W3CHttpResponseCodec.decode(W3CHttpResponseCodec.java:122)
	at org.openqa.selenium.remote.http.W3CHttpResponseCodec.decode(W3CHttpResponseCodec.java:49)
	at org.openqa.selenium.remote.HttpCommandExecutor.execute(HttpCommandExecutor.java:158)
	at org.openqa.selenium.remote.service.DriverCommandExecutor.execute(DriverCommandExecutor.java:83)
	at org.openqa.selenium.remote.RemoteWebDriver.execute(RemoteWebDriver.java:545)
	at org.openqa.selenium.remote.RemoteWebDriver.findElement(RemoteWebDriver.java:319)
	at org.openqa.selenium.remote.RemoteWebDriver.findElementByXPath(RemoteWebDriver.java:421)
	at org.openqa.selenium.By$ByXPath.findElement(By.java:361)
	at org.openqa.selenium.remote.RemoteWebDriver.findElement(RemoteWebDriver.java:311)
	at com.cucumberFramework.pageObjects.EnergyCostCalculatorPage.frequencyDropDown(EnergyCostCalculatorPage.java:85)
	at com.cucumberFramework.stepdefinitions.StepDefinitions.i_select_frequency_from_frequency_dropdown(StepDefinitions.java:47)
	at ✽.And I select "day" frequency(src/test/resources/features/calculator/EnergyCostCalculator.feature:8)
</stack-trace>
            </failure>
            <steps>
                <step start="1688926313731" stop="1688926321088" status="passed">
                    <name>Given I navigate to the URL "https://www.citizensadvice.org.uk/consumer/energy/energy-supply/get-help-paying-your-bills/check-how-much-your-electrical-appliances-cost-to-use/"</name>
                    <title>Given I navigate to the URL "https://www.citizensadvice.org.uk/consumer/energy/energy-supply/get-help-paying-your-bills/check-how-much-your-electrical-appliances-cost-to-use/"</title>
                </step>
                <step start="1688926321088" stop="1688926321166" status="passed">
                    <name>Then I should see Energy Cost Calculator Page</name>
                    <title>Then I should see Energy Cost Calculator Page</title>
                </step>
                <step start="1688926321166" stop="1688926322410" status="passed">
                    <name>Then I Select Advice Applies to England</name>
                    <title>Then I Select Advice Applies to England</title>
                </step>
                <step start="1688926322410" stop="1688926322525" status="passed">
                    <name>And I enter "34" kwh</name>
                    <title>And I enter "34" kwh</title>
                </step>
                <step start="1688926322525" stop="1688926322640" status="broken">
                    <name>And I select "day" frequency</name>
                    <title>And I select "day" frequency</title>
                </step>
                <step start="1688926322640" stop="1688926322647" status="canceled">
                    <name>When I select appliance "PC or desktop computer"</name>
                    <title>When I select appliance "PC or desktop computer"</title>
                </step>
                <step start="1688926322647" stop="1688926322647" status="canceled">
                    <name>Then I enter "8" hours</name>
                    <title>Then I enter "8" hours</title>
                </step>
                <step start="1688926322648" stop="1688926322648" status="canceled">
                    <name>And I enter "00" minutes</name>
                    <title>And I enter "00" minutes</title>
                </step>
                <step start="1688926322648" stop="1688926322648" status="canceled">
                    <name>And I Click on Add Appliance</name>
                    <title>And I Click on Add Appliance</title>
                </step>
                <step start="1688926322648" stop="1688926322648" status="canceled">
                    <name>When I select appliance "Dishwasher"</name>
                    <title>When I select appliance "Dishwasher"</title>
                </step>
                <step start="1688926322648" stop="1688926322648" status="canceled">
                    <name>Then I enter "2" hours</name>
                    <title>Then I enter "2" hours</title>
                </step>
                <step start="1688926322648" stop="1688926322648" status="canceled">
                    <name>And I enter "00" minutes</name>
                    <title>And I enter "00" minutes</title>
                </step>
                <step start="1688926322649" stop="1688926322649" status="canceled">
                    <name>And I Click on Add Appliance</name>
                    <title>And I Click on Add Appliance</title>
                </step>
                <step start="1688926322649" stop="1688926322649" status="canceled">
                    <name>When I select appliance "Washing machine"</name>
                    <title>When I select appliance "Washing machine"</title>
                </step>
                <step start="1688926322649" stop="1688926322649" status="canceled">
                    <name>Then I enter "2" hours</name>
                    <title>Then I enter "2" hours</title>
                </step>
                <step start="1688926322650" stop="1688926322650" status="canceled">
                    <name>And I enter "00" minutes</name>
                    <title>And I enter "00" minutes</title>
                </step>
                <step start="1688926322650" stop="1688926322650" status="canceled">
                    <name>And I Click on Add Appliance</name>
                    <title>And I Click on Add Appliance</title>
                </step>
                <step start="1688926322650" stop="1688926322650" status="canceled">
                    <name>When I select appliance "Light bulb - energy-saving CFL"</name>
                    <title>When I select appliance "Light bulb - energy-saving CFL"</title>
                </step>
                <step start="1688926322651" stop="1688926322651" status="canceled">
                    <name>Then I enter "6" hours</name>
                    <title>Then I enter "6" hours</title>
                </step>
                <step start="1688926322651" stop="1688926322651" status="canceled">
                    <name>And I enter "00" minutes</name>
                    <title>And I enter "00" minutes</title>
                </step>
                <step start="1688926322651" stop="1688926322651" status="canceled">
                    <name>And I Click on Add Appliance</name>
                    <title>And I Click on Add Appliance</title>
                </step>
                <step start="1688926322651" stop="1688926322651" status="canceled">
                    <name>When I select appliance "Light bulb - energy-saving LED"</name>
                    <title>When I select appliance "Light bulb - energy-saving LED"</title>
                </step>
                <step start="1688926322651" stop="1688926322651" status="canceled">
                    <name>Then I enter "6" hours</name>
                    <title>Then I enter "6" hours</title>
                </step>
                <step start="1688926322652" stop="1688926322652" status="canceled">
                    <name>And I enter "00" minutes</name>
                    <title>And I enter "00" minutes</title>
                </step>
                <step start="1688926322652" stop="1688926322652" status="canceled">
                    <name>And I Click on Add Appliance</name>
                    <title>And I Click on Add Appliance</title>
                </step>
                <step start="1688926322652" stop="1688926322652" status="canceled">
                    <name>When I select appliance "TV"</name>
                    <title>When I select appliance "TV"</title>
                </step>
                <step start="1688926322652" stop="1688926322652" status="canceled">
                    <name>Then I enter "4" hours</name>
                    <title>Then I enter "4" hours</title>
                </step>
                <step start="1688926322652" stop="1688926322652" status="canceled">
                    <name>And I enter "00" minutes</name>
                    <title>And I enter "00" minutes</title>
                </step>
                <step start="1688926322652" stop="1688926322652" status="canceled">
                    <name>And I Click on Add Appliance</name>
                    <title>And I Click on Add Appliance</title>
                </step>
                <step start="1688926322652" stop="1688926322652" status="canceled">
                    <name>When I select appliance "Microwave"</name>
                    <title>When I select appliance "Microwave"</title>
                </step>
                <step start="1688926322652" stop="1688926322652" status="canceled">
                    <name>Then I enter "1" hours</name>
                    <title>Then I enter "1" hours</title>
                </step>
                <step start="1688926322653" stop="1688926322653" status="canceled">
                    <name>And I enter "00" minutes</name>
                    <title>And I enter "00" minutes</title>
                </step>
                <step start="1688926322653" stop="1688926322653" status="canceled">
                    <name>And I Click on Add Appliance</name>
                    <title>And I Click on Add Appliance</title>
                </step>
                <step start="1688926322653" stop="1688926322653" status="canceled">
                    <name>When I select appliance "Electric car charger (wallbox)"</name>
                    <title>When I select appliance "Electric car charger (wallbox)"</title>
                </step>
                <step start="1688926322653" stop="1688926322653" status="canceled">
                    <name>Then I enter "8" hours</name>
                    <title>Then I enter "8" hours</title>
                </step>
                <step start="1688926322653" stop="1688926322653" status="canceled">
                    <name>And I enter "00" minutes</name>
                    <title>And I enter "00" minutes</title>
                </step>
                <step start="1688926322654" stop="1688926322654" status="canceled">
                    <name>And I Click on Add Appliance</name>
                    <title>And I Click on Add Appliance</title>
                </step>
            </steps>
            <attachments>
                <attachment title="attachment0" source="5c075149-419b-4de6-bfde-b944a2d30566-attachment.png" type="image/png"/>
            </attachments>
            <labels>
                <label name="story" value="As a resident from England I need to know appliances cost to run"/>
                <label name="feature" value="As a resident from England, Scotland, Wales, Northren Ireland I need to know estimate of electrical appliances cost to run"/>
                <label name="host" value="INLT3409"/>
                <label name="thread" value="31768@INLT3409.main(1)"/>
                <label name="framework" value="CucumberJVM"/>
            </labels>
        </test-case>
        <test-case start="1688926324088" stop="1688926337867" status="broken">
            <name>As a resident from Scotland I need to know appliances cost to run</name>
            <title>As a resident from Scotland I need to know appliances cost to run</title>
            <description type="text"></description>
            <failure>
                <message>InvalidSelectorException: invalid selector: Unable to locate an element with the xpath expression Proxy element for: DefaultElementLocator 'By.xpath: //input[@id='frequency']' because of the following error:
SyntaxError: Failed to execute 'evaluate' on 'Document': The string 'Proxy element for: DefaultElementLocator 'By.xpath: //input[@id='frequency']'' is not a valid XPath expression.
  (Session info: chrome=114.0.5735.199)
For documentation on this error, please visit: http://seleniumhq.org/exceptions/invalid_selector_exception.html
Build info: version: '3.11.0', revision: 'e59cfb3', time: '2018-03-11T20:26:55.152Z'
System info: host: 'INLT3409', ip: '192.168.0.9', os.name: 'Windows 10', os.arch: 'amd64', os.version: '10.0', java.version: '1.8.0_202'
Driver info: org.openqa.selenium.chrome.ChromeDriver
Capabilities {acceptInsecureCerts: false, browserName: chrome, browserVersion: 114.0.5735.199, chrome: {chromedriverVersion: 114.0.5735.90 (386bc09e8f4f..., userDataDir: C:\Users\MDS~1.PRA\AppData\...}, goog:chromeOptions: {debuggerAddress: localhost:62097}, javascriptEnabled: true, networkConnectionEnabled: false, pageLoadStrategy: normal, platform: WINDOWS, platformName: WINDOWS, proxy: Proxy(), setWindowRect: true, strictFileInteractability: false, timeouts: {implicit: 0, pageLoad: 300000, script: 30000}, unhandledPromptBehavior: dismiss and notify, webauthn:extension:credBlob: true, webauthn:extension:largeBlob: true, webauthn:extension:minPinLength: true, webauthn:extension:prf: true, webauthn:virtualAuthenticators: true}
Session ID: a2e3ecbb08b798537916b00f9701db1f
*** Element info: {Using=xpath, value=Proxy element for: DefaultElementLocator 'By.xpath: //input[@id='frequency']'}</message>
                <stack-trace>org.openqa.selenium.InvalidSelectorException: invalid selector: Unable to locate an element with the xpath expression Proxy element for: DefaultElementLocator 'By.xpath: //input[@id='frequency']' because of the following error:
SyntaxError: Failed to execute 'evaluate' on 'Document': The string 'Proxy element for: DefaultElementLocator 'By.xpath: //input[@id='frequency']'' is not a valid XPath expression.
  (Session info: chrome=114.0.5735.199)
For documentation on this error, please visit: http://seleniumhq.org/exceptions/invalid_selector_exception.html
Build info: version: '3.11.0', revision: 'e59cfb3', time: '2018-03-11T20:26:55.152Z'
System info: host: 'INLT3409', ip: '192.168.0.9', os.name: 'Windows 10', os.arch: 'amd64', os.version: '10.0', java.version: '1.8.0_202'
Driver info: org.openqa.selenium.chrome.ChromeDriver
Capabilities {acceptInsecureCerts: false, browserName: chrome, browserVersion: 114.0.5735.199, chrome: {chromedriverVersion: 114.0.5735.90 (386bc09e8f4f..., userDataDir: C:\Users\MDS~1.PRA\AppData\...}, goog:chromeOptions: {debuggerAddress: localhost:62097}, javascriptEnabled: true, networkConnectionEnabled: false, pageLoadStrategy: normal, platform: WINDOWS, platformName: WINDOWS, proxy: Proxy(), setWindowRect: true, strictFileInteractability: false, timeouts: {implicit: 0, pageLoad: 300000, script: 30000}, unhandledPromptBehavior: dismiss and notify, webauthn:extension:credBlob: true, webauthn:extension:largeBlob: true, webauthn:extension:minPinLength: true, webauthn:extension:prf: true, webauthn:virtualAuthenticators: true}
Session ID: a2e3ecbb08b798537916b00f9701db1f
*** Element info: {Using=xpath, value=Proxy element for: DefaultElementLocator 'By.xpath: //input[@id='frequency']'}
	at sun.reflect.NativeConstructorAccessorImpl.newInstance0(Native Method)
	at sun.reflect.NativeConstructorAccessorImpl.newInstance(NativeConstructorAccessorImpl.java:62)
	at sun.reflect.DelegatingConstructorAccessorImpl.newInstance(DelegatingConstructorAccessorImpl.java:45)
	at java.lang.reflect.Constructor.newInstance(Constructor.java:423)
	at org.openqa.selenium.remote.http.W3CHttpResponseCodec.createException(W3CHttpResponseCodec.java:187)
	at org.openqa.selenium.remote.http.W3CHttpResponseCodec.decode(W3CHttpResponseCodec.java:122)
	at org.openqa.selenium.remote.http.W3CHttpResponseCodec.decode(W3CHttpResponseCodec.java:49)
	at org.openqa.selenium.remote.HttpCommandExecutor.execute(HttpCommandExecutor.java:158)
	at org.openqa.selenium.remote.service.DriverCommandExecutor.execute(DriverCommandExecutor.java:83)
	at org.openqa.selenium.remote.RemoteWebDriver.execute(RemoteWebDriver.java:545)
	at org.openqa.selenium.remote.RemoteWebDriver.findElement(RemoteWebDriver.java:319)
	at org.openqa.selenium.remote.RemoteWebDriver.findElementByXPath(RemoteWebDriver.java:421)
	at org.openqa.selenium.By$ByXPath.findElement(By.java:361)
	at org.openqa.selenium.remote.RemoteWebDriver.findElement(RemoteWebDriver.java:311)
	at com.cucumberFramework.pageObjects.EnergyCostCalculatorPage.frequencyDropDown(EnergyCostCalculatorPage.java:85)
	at com.cucumberFramework.stepdefinitions.StepDefinitions.i_select_frequency_from_frequency_dropdown(StepDefinitions.java:47)
	at ✽.And I select "day" frequency(src/test/resources/features/calculator/EnergyCostCalculator.feature:48)
</stack-trace>
            </failure>
            <steps>
                <step start="1688926328100" stop="1688926334909" status="passed">
                    <name>Given I navigate to the URL "https://www.citizensadvice.org.uk/consumer/energy/energy-supply/get-help-paying-your-bills/check-how-much-your-electrical-appliances-cost-to-use/"</name>
                    <title>Given I navigate to the URL "https://www.citizensadvice.org.uk/consumer/energy/energy-supply/get-help-paying-your-bills/check-how-much-your-electrical-appliances-cost-to-use/"</title>
                </step>
                <step start="1688926334909" stop="1688926334976" status="passed">
                    <name>Then I should see Energy Cost Calculator Page</name>
                    <title>Then I should see Energy Cost Calculator Page</title>
                </step>
                <step start="1688926334976" stop="1688926336260" status="passed">
                    <name>Then I Select Advice Applies to Scotland</name>
                    <title>Then I Select Advice Applies to Scotland</title>
                </step>
                <step start="1688926336260" stop="1688926336388" status="passed">
                    <name>And I enter "67" kwh</name>
                    <title>And I enter "67" kwh</title>
                </step>
                <step start="1688926336388" stop="1688926336611" status="broken">
                    <name>And I select "day" frequency</name>
                    <title>And I select "day" frequency</title>
                </step>
                <step start="1688926336611" stop="1688926336611" status="canceled">
                    <name>When I select appliance "PC or desktop computer"</name>
                    <title>When I select appliance "PC or desktop computer"</title>
                </step>
                <step start="1688926336612" stop="1688926336612" status="canceled">
                    <name>Then I enter "8" hours</name>
                    <title>Then I enter "8" hours</title>
                </step>
                <step start="1688926336612" stop="1688926336612" status="canceled">
                    <name>And I enter "00" minutes</name>
                    <title>And I enter "00" minutes</title>
                </step>
                <step start="1688926336612" stop="1688926336612" status="canceled">
                    <name>And I Click on Add Appliance</name>
                    <title>And I Click on Add Appliance</title>
                </step>
            </steps>
            <attachments>
                <attachment title="attachment1" source="6eacee1b-5bc1-4a7c-bb0e-98c2d955b59a-attachment.png" type="image/png"/>
            </attachments>
            <labels>
                <label name="story" value="As a resident from Scotland I need to know appliances cost to run"/>
                <label name="feature" value="As a resident from England, Scotland, Wales, Northren Ireland I need to know estimate of electrical appliances cost to run"/>
                <label name="host" value="INLT3409"/>
                <label name="thread" value="31768@INLT3409.main(1)"/>
                <label name="framework" value="CucumberJVM"/>
            </labels>
        </test-case>
        <test-case start="1688926337868" stop="1688926341620" status="broken">
            <name>As a resident from Scotland I need to know appliances cost to run</name>
            <title>As a resident from Scotland I need to know appliances cost to run</title>
            <description type="text"></description>
            <failure>
                <message>Test was interrupted</message>
            </failure>
            <labels>
                <label name="story" value="As a resident from Scotland I need to know appliances cost to run"/>
                <label name="feature" value="As a resident from England, Scotland, Wales, Northren Ireland I need to know estimate of electrical appliances cost to run"/>
                <label name="host" value="INLT3409"/>
                <label name="thread" value="31768@INLT3409.main(1)"/>
                <label name="framework" value="CucumberJVM"/>
            </labels>
        </test-case>
        <test-case start="1688926306599" stop="1688926341620" status="broken">
            <name>As a resident from England, Scotland, Wales, Northren Ireland I need to know estimate of electrical appliances cost to run</name>
            <title>As a resident from England, Scotland, Wales, Northren Ireland I need to know estimate of electrical appliances cost to run</title>
            <failure>
                <message>Test suite was interrupted, some test cases may be lost</message>
            </failure>
        </test-case>
    </test-cases>
    <labels>
        <label name="feature" value="As a resident from England, Scotland, Wales, Northren Ireland I need to know estimate of electrical appliances cost to run"/>
        <label name="language" value="JAVA"/>
    </labels>
</ns2:test-suite>
